<?xml version="1.0" encoding="utf-8"?><testsuites name="pytest tests"><testsuite name="pytest" errors="0" failures="0" skipped="0" tests="2489" time="298.915" timestamp="2026-09-12T16:52:55.160666+02:00" hostname="kazulak"><testcase classname="tests.test_analyze_quantized_contractions" name="test_accumulator_bound_uses_full_complex_component_and_has_no_magic_limit" time="0.000" /><testcase classname="tests.test_analyze_quantized_contractions" name="test_injected_analysis_has_separate_local_and_cumulative_trace" time="0.003" /><testcase classname="tests.test_analyze_quantized_contractions" name="test_serialization_is_exactly_three_files_and_byte_identical" time="0.004" /><testcase classname="tests.test_analyze_quantized_contractions" name="test_fixed_suite_names_are_stable" time="0.000" /><testcase classname="tests.test_analyze_request_construction" name="test_child_accounting_and_residual_are_disjoint" time="0.000" /><testcase classname="tests.test_analyze_request_construction" name="test_child_accounting_rejects_negative_residual" time="0.000" /><testcase classname="tests.test_analyze_request_construction" name="test_derive_ignores_warmup_and_reports_dominant_child" time="0.000" /><testcase classname="tests.test_analyze_request_construction" name="test_summary_uses_sample_paired_residuals_and_share_ratios" time="0.000" /><testcase classname="tests.test_analyze_request_construction" name="test_attempt_time_is_joined_from_session_evidence" time="0.000" /><testcase classname="tests.test_analyze_request_construction" name="test_topology_drift_across_measurements_is_rejected" time="0.000" /><testcase classname="tests.test_analyze_request_construction" name="test_attribution_config_has_only_two_physical_routes" time="0.007" /><testcase classname="tests.test_analyze_request_construction" name="test_attribution_json_is_serializable" time="0.000" /><testcase classname="tests.test_analyze_request_record_invariance" name="test_invariance_audit_covers_all_cells_and_source_fields" time="0.065" /><testcase classname="tests.test_analyze_request_record_invariance" name="test_invariance_audit_fails_closed_on_record_schema_drift" time="0.000" /><testcase classname="tests.test_analyze_request_template_ab" name="test_paired_summary_is_deterministic_and_descriptive" time="0.039" /><testcase classname="tests.test_analyze_request_template_ab" name="test_number_rejects_nonfinite_values" time="0.000" /><testcase classname="tests.test_analyze_request_template_ab" name="test_physical_validation_requires_top_level_hardware_execution" time="0.000" /><testcase classname="tests.test_analyze_request_template_ab" name="test_physical_validation_uses_operation_fact_when_top_level_is_absent" time="0.000" /><testcase classname="tests.test_analyze_request_template_ab" name="test_load_arm_requires_a_bijective_sample_session_mapping" time="0.001" /><testcase classname="tests.test_analyze_request_template_ab" name="test_analysis_pairs_each_cell_and_component_without_pooling" time="1.903" /><testcase classname="tests.test_analyze_request_template_ab" name="test_reconciliation_document_and_csv_are_self_contained" time="1.895" /><testcase classname="tests.test_analyze_request_template_ab" name="test_shared_identity_rejects_different_controlled_environment" time="0.001" /><testcase classname="tests.test_analyze_request_template_ab" name="test_paired_delta_uses_same_block_not_difference_of_medians" time="0.000" /><testcase classname="tests.test_analyze_upmem_path_evaluation" name="test_raw_median_and_mad_are_sample_paired" time="0.000" /><testcase classname="tests.test_analyze_upmem_path_evaluation" name="test_expected_deduplicates_coincident_path_roles" time="0.000" /><testcase classname="tests.test_analyze_upmem_path_evaluation" name="test_expected_rejects_timing_dependent_selection" time="0.000" /><testcase classname="tests.test_analyze_upmem_path_generalization" name="test_analysis_is_fold_isolated_and_freezes_grouped_profile" time="0.166" /><testcase classname="tests.test_analyze_upmem_path_generalization" name="test_analysis_rejects_pilot_runtime_rows" time="0.002" /><testcase classname="tests.test_analyze_upmem_path_generalization" name="test_analysis_is_independent_of_runtime_row_order" time="0.305" /><testcase classname="tests.test_analyze_upmem_path_generalization" name="test_analysis_rejects_forged_physical_plan_identity" time="0.003" /><testcase classname="tests.test_analyze_upmem_path_generalization" name="test_analysis_rejects_manifest_split_reclassification" time="0.002" /><testcase classname="tests.test_analyze_upmem_path_generalization" name="test_analysis_accepts_noncanonical_json_serialization" time="0.072" /><testcase classname="tests.test_analyze_upmem_path_generalization" name="test_input_validation_accepts_path_specific_output_hashes" time="0.002" /><testcase classname="tests.test_analyze_upmem_path_generalization" name="test_input_validation_accepts_topology_specific_output_hashes" time="0.005" /><testcase classname="tests.test_analyze_upmem_path_generalization" name="test_input_validation_rejects_inconsistent_path_repetitions[warmup]" time="0.003" /><testcase classname="tests.test_analyze_upmem_path_generalization" name="test_input_validation_rejects_inconsistent_path_repetitions[measurement]" time="0.003" /><testcase classname="tests.test_analyze_upmem_path_generalization" name="test_path_specific_outputs_still_require_numerical_validation[full_precision_passed]" time="0.003" /><testcase classname="tests.test_analyze_upmem_path_generalization" name="test_path_specific_outputs_still_require_numerical_validation[policy_reference_passed]" time="0.003" /><testcase classname="tests.test_analyze_upmem_path_generalization" name="test_analysis_rejects_dirty_reporting_source" time="0.002" /><testcase classname="tests.test_analyze_upmem_path_generalization" name="test_identifiability_screen_excludes_redundant_and_constant_terms" time="0.001" /><testcase classname="tests.test_analyze_upmem_path_generalization" name="test_no_measurable_headroom_is_reported_as_null" time="0.001" /><testcase classname="tests.test_analyze_upmem_path_v1_robustness" name="test_surviving_calibration_is_sample_paired_and_historical_data_is_not_raw" time="0.827" /><testcase classname="tests.test_analyze_upmem_path_v1_robustness" name="test_ranking_headroom_and_correlation_outputs_are_complete" time="0.849" /><testcase classname="tests.test_analyze_upmem_path_v1_robustness" name="test_bootstrap_uses_all_finite_profiles_and_is_deterministic" time="2.059" /><testcase classname="tests.test_analyze_upmem_path_v1_robustness" name="test_correlation_helpers_handle_ties_and_constant_vectors" time="0.000" /><testcase classname="tests.test_analyze_upmem_wave_paths" name="test_tie_aware_ranking_and_raw_median_mad_facts" time="0.001" /><testcase classname="tests.test_analyze_upmem_wave_paths" name="test_greedy_oracle_has_null_headroom" time="0.001" /><testcase classname="tests.test_analyze_upmem_wave_paths" name="test_primary_rank_uses_paired_round_normalization_not_pooled_raw_medians" time="0.001" /><testcase classname="tests.test_analyze_upmem_wave_paths" name="test_known_selected_slowdown_is_reported" time="0.001" /><testcase classname="tests.test_analyze_upmem_wave_paths" name="test_paired_bootstrap_rejects_unpaired_variation_and_is_deterministic" time="0.001" /><testcase classname="tests.test_analyze_upmem_wave_paths" name="test_bootstrap_shares_one_block_draw_across_cells_in_a_round" time="0.001" /><testcase classname="tests.test_analyze_upmem_wave_paths" name="test_missing_block_failure_and_heldout_rows_are_rejected" time="0.001" /><testcase classname="tests.test_analyze_upmem_wave_paths" name="test_profile_selection_duplicates_invalid_model_and_inputs_remain_immutable" time="0.001" /><testcase classname="tests.test_analyze_upmem_wave_paths" name="test_instance_folds_keep_both_topologies_and_isolate_fit_inputs" time="0.009" /><testcase classname="tests.test_analyze_upmem_wave_paths" name="test_cv_pooled_comparison_calls_preregistered_helper_and_reports_empirical_facts" time="0.008" /><testcase classname="tests.test_analyze_upmem_wave_paths" name="test_cv_rejects_non_training_split_and_invalid_topology_partition" time="0.000" /><testcase classname="tests.test_analyze_upmem_wave_paths" name="test_refit_stability_is_deterministic_and_reports_bounded_budget" time="0.037" /><testcase classname="tests.test_analyze_upmem_wave_paths" name="test_refit_resampling_copies_complete_shared_blocks_without_fabricating_rows" time="0.000" /><testcase classname="tests.test_analyze_upmem_wave_paths" name="test_cv_bootstrap_shares_round_draws_across_fold_pools" time="0.001" /><testcase classname="tests.test_baselines" name="test_default_gpu_verification_path_is_under_implementation_build" time="0.000" /><testcase classname="tests.test_baselines" name="test_quest_gpu_accepts_verified_amd_hip" time="0.005" /><testcase classname="tests.test_baselines" name="test_quest_gpu_failed_run_does_not_claim_gpu_execution" time="0.002" /><testcase classname="tests.test_baselines" name="test_quest_gpu_success_claims_gpu_only_after_binary_succeeds" time="0.002" /><testcase classname="tests.test_baselines" name="test_hip_smoke_device_name_is_preferred_for_verification_artifact" time="0.001" /><testcase classname="tests.test_baselines" name="test_gpu_verification_preflight_binds_runner_and_probe" time="0.001" /><testcase classname="tests.test_baselines" name="test_quest_gpu_rejects_cuda_without_current_runtime_probe" time="0.001" /><testcase classname="tests.test_baselines" name="test_quest_gpu_rejects_invalid_verification_artifact[updates0]" time="0.001" /><testcase classname="tests.test_baselines" name="test_quest_gpu_rejects_invalid_verification_artifact[updates1]" time="0.001" /><testcase classname="tests.test_baselines" name="test_quest_gpu_rejects_invalid_verification_artifact[updates2]" time="0.001" /><testcase classname="tests.test_baselines" name="test_quest_gpu_rejects_invalid_verification_artifact[updates3]" time="0.001" /><testcase classname="tests.test_baselines" name="test_quest_gpu_rejects_invalid_verification_artifact[updates4]" time="0.001" /><testcase classname="tests.test_baselines" name="test_quest_gpu_rejects_invalid_verification_artifact[updates5]" time="0.001" /><testcase classname="tests.test_baselines" name="test_quest_gpu_rejects_invalid_verification_artifact[updates6]" time="0.001" /><testcase classname="tests.test_baselines" name="test_quest_gpu_rejects_invalid_verification_artifact[updates7]" time="0.001" /><testcase classname="tests.test_baselines" name="test_quest_gpu_rejects_invalid_verification_artifact[updates8]" time="0.001" /><testcase classname="tests.test_baselines" name="test_quest_gpu_rejects_invalid_verification_artifact[updates9]" time="0.001" /><testcase classname="tests.test_baselines" name="test_quest_gpu_rejects_invalid_verification_artifact[updates10]" time="0.001" /><testcase classname="tests.test_baselines" name="test_quest_gpu_rejects_invalid_verification_artifact[updates11]" time="0.001" /><testcase classname="tests.test_baselines" name="test_quest_gpu_rejects_invalid_verification_artifact[updates12]" time="0.001" /><testcase classname="tests.test_baselines" name="test_quest_gpu_rejects_invalid_verification_artifact[updates13]" time="0.001" /><testcase classname="tests.test_baselines" name="test_quest_gpu_rejects_invalid_verification_artifact[updates14]" time="0.001" /><testcase classname="tests.test_baselines" name="test_quest_gpu_rejects_invalid_verification_artifact[updates15]" time="0.001" /><testcase classname="tests.test_baselines" name="test_quest_gpu_rejects_invalid_verification_artifact[updates16]" time="0.001" /><testcase classname="tests.test_baselines" name="test_quest_gpu_rejects_missing_or_malformed_verification" time="0.001" /><testcase classname="tests.test_baselines" name="test_quest_gpu_rejects_cpu_only_artifact" time="0.001" /><testcase classname="tests.test_baselines" name="test_quest_gpu_rejects_runner_hash_mismatch" time="0.001" /><testcase classname="tests.test_baselines" name="test_quest_gpu_rejects_explicit_runner_mismatch" time="0.001" /><testcase classname="tests.test_baselines" name="test_quest_gpu_rejects_unsupported_job_before_any_subprocess" time="0.001" /><testcase classname="tests.test_baselines" name="test_quest_gpu_rejects_runner_outside_artifact_root" time="0.001" /><testcase classname="tests.test_baselines" name="test_gpu_probe_failure_facts_include_bounded_stderr" time="0.001" /><testcase classname="tests.test_baselines" name="test_gpu_verification_preflight_rejects_unstable_runner_hash" time="0.001" /><testcase classname="tests.test_baselines" name="test_hip_smoke_contract_declares_successful_synchronization" time="0.000" /><testcase classname="tests.test_baselines" name="test_quest_gpu_runtime_failure_is_execution_failure" time="0.001" /><testcase classname="tests.test_baselines" name="test_quest_gpu_probe_validation_failures[probe_updates0]" time="0.001" /><testcase classname="tests.test_baselines" name="test_quest_gpu_probe_validation_failures[probe_updates1]" time="0.001" /><testcase classname="tests.test_baselines" name="test_quest_gpu_probe_validation_failures[probe_updates2]" time="0.001" /><testcase classname="tests.test_baselines" name="test_quest_gpu_probe_validation_failures[probe_updates3]" time="0.001" /><testcase classname="tests.test_baselines" name="test_quest_gpu_probe_validation_failures[probe_updates4]" time="0.001" /><testcase classname="tests.test_baselines" name="test_quest_gpu_probe_validation_failures[probe_updates5]" time="0.002" /><testcase classname="tests.test_baselines" name="test_quest_gpu_rejects_probe_static_mismatch[updates0]" time="0.001" /><testcase classname="tests.test_baselines" name="test_quest_gpu_rejects_probe_static_mismatch[updates1]" time="0.001" /><testcase classname="tests.test_baselines" name="test_public_baseline_api_is_function_only_and_includes_gpu" time="0.000" /><testcase classname="tests.test_baselines" name="test_quest_cpu_runs_all_canonical_aliases[qrng-params0-QRNG]" time="0.001" /><testcase classname="tests.test_baselines" name="test_quest_cpu_runs_all_canonical_aliases[bb_n-params1-BB84]" time="0.001" /><testcase classname="tests.test_baselines" name="test_quest_cpu_runs_all_canonical_aliases[bernstein_vazirani-params2-BV]" time="0.001" /><testcase classname="tests.test_baselines" name="test_quest_cpu_runs_all_canonical_aliases[dense_coding-params3-EDC]" time="0.001" /><testcase classname="tests.test_baselines" name="test_quest_cpu_runs_all_canonical_aliases[hidden_shift-params4-HS]" time="0.001" /><testcase classname="tests.test_baselines" name="test_quest_cpu_runs_all_canonical_aliases[parity-params5-XOR]" time="0.001" /><testcase classname="tests.test_baselines" name="test_quest_cpu_resolves_relative_runner" time="0.001" /><testcase classname="tests.test_baselines" name="test_quest_cpu_repeats_gate_counts_and_preserves_job" time="0.001" /><testcase classname="tests.test_baselines" name="test_quest_backend_provenance_records_threads" time="0.001" /><testcase classname="tests.test_baselines" name="test_quest_cpu_rejects_noncanonical_sources[&lt;lambda&gt;0]" time="0.001" /><testcase classname="tests.test_baselines" name="test_quest_cpu_rejects_noncanonical_sources[&lt;lambda&gt;1]" time="0.001" /><testcase classname="tests.test_baselines" name="test_quest_cpu_rejects_noncanonical_sources[&lt;lambda&gt;2]" time="0.001" /><testcase classname="tests.test_baselines" name="test_quest_cpu_rejects_noncanonical_sources[&lt;lambda&gt;3]" time="0.001" /><testcase classname="tests.test_baselines" name="test_quest_cpu_rejects_seed_and_parameters[&lt;lambda&gt;0]" time="0.001" /><testcase classname="tests.test_baselines" name="test_quest_cpu_rejects_seed_and_parameters[&lt;lambda&gt;1]" time="0.001" /><testcase classname="tests.test_baselines" name="test_quest_cpu_rejects_invalid_timeout[0]" time="0.001" /><testcase classname="tests.test_baselines" name="test_quest_cpu_rejects_invalid_timeout[-1]" time="0.001" /><testcase classname="tests.test_baselines" name="test_quest_cpu_rejects_invalid_timeout[nan]" time="0.001" /><testcase classname="tests.test_baselines" name="test_quest_cpu_rejects_invalid_timeout[inf]" time="0.001" /><testcase classname="tests.test_baselines" name="test_quest_cpu_rejects_invalid_output_cap_and_runner" time="0.001" /><testcase classname="tests.test_baselines" name="test_quest_cpu_rejects_bad_native_stdout[payload_updates0]" time="0.001" /><testcase classname="tests.test_baselines" name="test_quest_cpu_rejects_bad_native_stdout[payload_updates1]" time="0.001" /><testcase classname="tests.test_baselines" name="test_quest_cpu_rejects_bad_native_stdout[payload_updates2]" time="0.001" /><testcase classname="tests.test_baselines" name="test_quest_cpu_rejects_bad_native_stdout[payload_updates3]" time="0.001" /><testcase classname="tests.test_baselines" name="test_quest_cpu_rejects_bad_native_stdout[payload_updates4]" time="0.001" /><testcase classname="tests.test_baselines" name="test_quest_cpu_rejects_mismatched_native_depth" time="0.001" /><testcase classname="tests.test_baselines" name="test_quest_cpu_rejects_bad_energy_metadata[None-rapl_measured]" time="0.001" /><testcase classname="tests.test_baselines" name="test_quest_cpu_rejects_bad_energy_metadata[-1.0-rapl_measured]" time="0.001" /><testcase classname="tests.test_baselines" name="test_quest_cpu_rejects_bad_energy_metadata[nan-rapl_measured]" time="0.001" /><testcase classname="tests.test_baselines" name="test_quest_cpu_rejects_bad_energy_metadata[1.0-unavailable]" time="0.001" /><testcase classname="tests.test_baselines" name="test_quest_cpu_rejects_bad_energy_metadata[1.0-]" time="0.001" /><testcase classname="tests.test_baselines" name="test_quest_cpu_rejects_bad_energy_metadata[1.0-1]" time="0.001" /><testcase classname="tests.test_baselines" name="test_quest_cpu_accepts_measured_energy_pair" time="0.001" /><testcase classname="tests.test_baselines" name="test_quest_cpu_preflight_and_semantic_validation_timing_order" time="0.001" /><testcase classname="tests.test_baselines" name="test_quest_cpu_rejects_process_and_stdout_failures[2-{}-process]" time="0.001" /><testcase classname="tests.test_baselines" name="test_quest_cpu_rejects_process_and_stdout_failures[0-not-json-stdout]" time="0.001" /><testcase classname="tests.test_baselines" name="test_quest_cpu_rejects_bad_state_dump[dump_updates0]" time="0.001" /><testcase classname="tests.test_baselines" name="test_quest_cpu_rejects_bad_state_dump[dump_updates1]" time="0.001" /><testcase classname="tests.test_baselines" name="test_quest_cpu_rejects_bad_state_dump[dump_updates2]" time="0.001" /><testcase classname="tests.test_baselines" name="test_quest_cpu_rejects_bad_state_dump[dump_updates3]" time="0.001" /><testcase classname="tests.test_baselines" name="test_quest_cpu_rejects_bad_state_dump[dump_updates4]" time="0.001" /><testcase classname="tests.test_baselines" name="test_quest_cpu_rejects_bad_state_dump[dump_updates5]" time="0.001" /><testcase classname="tests.test_baselines" name="test_quest_cpu_rejects_bad_state_dump[dump_updates6]" time="0.001" /><testcase classname="tests.test_baselines" name="test_quest_cpu_timeout_is_execution_failure" time="0.001" /><testcase classname="tests.test_baselines" name="test_bell_has_canonical_statevector[run_quimb]" time="6.187" /><testcase classname="tests.test_baselines" name="test_bell_has_canonical_statevector[run_cotengra]" time="0.002" /><testcase classname="tests.test_baselines" name="test_nonzero_imaginary_amplitude_and_route_equality" time="0.001" /><testcase classname="tests.test_baselines" name="test_multiqubit_complex_fixture_preserves_quest_basis_order[run_quimb]" time="0.001" /><testcase classname="tests.test_baselines" name="test_multiqubit_complex_fixture_preserves_quest_basis_order[run_cotengra]" time="0.001" /><testcase classname="tests.test_baselines" name="test_lowering_once_input_unchanged_and_output_deterministic" time="0.001" /><testcase classname="tests.test_baselines" name="test_timing_facts_and_result_are_immutable" time="0.001" /><testcase classname="tests.test_baselines" name="test_cotengra_backend_provenance_records_version" time="0.001" /><testcase classname="tests.test_baselines" name="test_invalid_configuration_is_unsupported[run_quimb-kwargs0]" time="0.000" /><testcase classname="tests.test_baselines" name="test_invalid_configuration_is_unsupported[run_cotengra-kwargs1]" time="0.000" /><testcase classname="tests.test_baselines" name="test_invalid_configuration_is_unsupported[run_cotengra-kwargs2]" time="0.000" /><testcase classname="tests.test_baselines" name="test_random_quimb_optimizer_is_unsupported" time="0.000" /><testcase classname="tests.test_baselines" name="test_auto_quimb_optimizer_is_unsupported" time="0.000" /><testcase classname="tests.test_baselines" name="test_cotengra_invalid_prefix_is_unsupported" time="0.000" /><testcase classname="tests.test_baselines" name="test_cotengra_labels_is_an_accepted_deterministic_method" time="0.002" /><testcase classname="tests.test_baselines" name="test_contraction_path_provenance_is_sha256_and_stable[run_quimb]" time="0.002" /><testcase classname="tests.test_baselines" name="test_contraction_path_provenance_is_sha256_and_stable[run_cotengra]" time="0.002" /><testcase classname="tests.test_baselines" name="test_cotengra_path_is_deterministic_across_external_rng_states" time="0.002" /><testcase classname="tests.test_baselines" name="test_cotengra_restores_python_and_numpy_rng_states" time="0.001" /><testcase classname="tests.test_baselines" name="test_nonfinite_decoded_output_is_a_decode_failure" time="0.001" /><testcase classname="tests.test_baselines" name="test_unexpected_contraction_error_reports_kernel_stage" time="0.000" /><testcase classname="tests.test_baselines" name="test_import_boundary_is_canonical_and_public_api_is_function_only" time="0.008" /><testcase classname="tests.test_benchmark_request_record_construction" name="test_host_only_benchmark_produces_gate_and_deterministic_factors" time="0.168" /><testcase classname="tests.test_benchmark_request_record_construction" name="test_template_fill_preserves_serialized_record_values" time="0.002" /><testcase classname="tests.test_characterize_circuit_resources" name="test_characterization_is_deterministic_and_covers_fixed_matrix" time="13.560" /><testcase classname="tests.test_characterize_circuit_resources" name="test_characterization_is_source_only_and_selection_uses_no_timing" time="4.628" /><testcase classname="tests.test_characterize_upmem_execution" name="test_selection_deduplicates_roles_and_breaks_ties_by_id" time="0.000" /><testcase classname="tests.test_characterize_upmem_execution" name="test_frozen_manifest_is_deterministic_development_only" time="0.128" /><testcase classname="tests.test_characterize_upmem_execution" name="test_both_policy_plans_keep_partial_waves_and_correct_counters[1-split_complex_float32_v1]" time="0.004" /><testcase classname="tests.test_characterize_upmem_execution" name="test_both_policy_plans_keep_partial_waves_and_correct_counters[1-complex_int8_shared_scale_v1]" time="0.003" /><testcase classname="tests.test_characterize_upmem_execution" name="test_both_policy_plans_keep_partial_waves_and_correct_counters[4-split_complex_float32_v1]" time="0.003" /><testcase classname="tests.test_characterize_upmem_execution" name="test_both_policy_plans_keep_partial_waves_and_correct_counters[4-complex_int8_shared_scale_v1]" time="0.003" /><testcase classname="tests.test_characterize_upmem_execution" name="test_explicit_limits_and_identity_fail_closed" time="0.002" /><testcase classname="tests.test_characterize_upmem_execution" name="test_odd_geometry_split_k_counts_launches_not_envelopes" time="0.000" /><testcase classname="tests.test_characterize_upmem_execution" name="test_timeout_is_retained_not_replaced" time="0.001" /><testcase classname="tests.test_characterize_upmem_execution" name="test_nonempty_output_is_not_overwritten" time="0.001" /><testcase classname="tests.test_circuits" name="test_builtin_aliases_preserve_generated_operations[quantization-stress-quantization_stress-params0]" time="0.000" /><testcase classname="tests.test_circuits" name="test_builtin_aliases_preserve_generated_operations[quant_stress-quantization_stress-params1]" time="0.000" /><testcase classname="tests.test_circuits" name="test_builtin_aliases_preserve_generated_operations[bernstein_vazirani-bv-params2]" time="0.000" /><testcase classname="tests.test_circuits" name="test_builtin_aliases_preserve_generated_operations[parity-xor-params3]" time="0.000" /><testcase classname="tests.test_circuits" name="test_builtin_aliases_preserve_generated_operations[bb_n-bb84-params4]" time="0.000" /><testcase classname="tests.test_circuits" name="test_builtin_aliases_preserve_generated_operations[dense_coding-edc-params5]" time="0.000" /><testcase classname="tests.test_circuits" name="test_builtin_aliases_preserve_generated_operations[hidden_shift-hs-params6]" time="0.000" /><testcase classname="tests.test_circuits" name="test_quest_aliases_preserve_generated_operations[bernstein_vazirani-bv-params0]" time="0.000" /><testcase classname="tests.test_circuits" name="test_quest_aliases_preserve_generated_operations[parity-xor-params1]" time="0.000" /><testcase classname="tests.test_circuits" name="test_quest_aliases_preserve_generated_operations[bb_n-bb84-params2]" time="0.000" /><testcase classname="tests.test_circuits" name="test_quest_aliases_preserve_generated_operations[dense_coding-edc-params3]" time="0.000" /><testcase classname="tests.test_circuits" name="test_quest_aliases_preserve_generated_operations[hidden_shift-hs-params4]" time="0.000" /><testcase classname="tests.test_circuits" name="test_qubit_count_alias_preserves_generated_operations[builtin_circuit]" time="0.000" /><testcase classname="tests.test_circuits" name="test_qubit_count_alias_preserves_generated_operations[quest_compatible_circuit]" time="0.000" /><testcase classname="tests.test_circuits" name="test_builtin_source_metadata_round_trips_explicitly[bell_2q-params0]" time="0.000" /><testcase classname="tests.test_circuits" name="test_builtin_source_metadata_round_trips_explicitly[ghz_4q-params1]" time="0.000" /><testcase classname="tests.test_circuits" name="test_builtin_source_metadata_round_trips_explicitly[ghz_chain-params2]" time="0.000" /><testcase classname="tests.test_circuits" name="test_builtin_source_metadata_round_trips_explicitly[qrng-params3]" time="0.000" /><testcase classname="tests.test_circuits" name="test_builtin_source_metadata_round_trips_explicitly[quantization_stress-params4]" time="0.000" /><testcase classname="tests.test_circuits" name="test_builtin_source_metadata_round_trips_explicitly[bv-params5]" time="0.000" /><testcase classname="tests.test_circuits" name="test_builtin_source_metadata_round_trips_explicitly[xor-params6]" time="0.000" /><testcase classname="tests.test_circuits" name="test_builtin_source_metadata_round_trips_explicitly[bb84-params7]" time="0.000" /><testcase classname="tests.test_circuits" name="test_builtin_source_metadata_round_trips_explicitly[edc-params8]" time="0.000" /><testcase classname="tests.test_circuits" name="test_builtin_source_metadata_round_trips_explicitly[hs-params9]" time="0.000" /><testcase classname="tests.test_circuits" name="test_quest_source_metadata_round_trips_explicitly[qrng]" time="0.000" /><testcase classname="tests.test_circuits" name="test_quest_source_metadata_round_trips_explicitly[bb84]" time="0.000" /><testcase classname="tests.test_circuits" name="test_quest_source_metadata_round_trips_explicitly[bv]" time="0.000" /><testcase classname="tests.test_circuits" name="test_quest_source_metadata_round_trips_explicitly[edc]" time="0.000" /><testcase classname="tests.test_circuits" name="test_quest_source_metadata_round_trips_explicitly[xor]" time="0.000" /><testcase classname="tests.test_circuits" name="test_quest_hs_source_metadata_round_trips_explicitly" time="0.000" /><testcase classname="tests.test_circuits" name="test_generator_schemas_reject_unknown_or_irrelevant_keys[builtin_circuit-qrng-params0]" time="0.000" /><testcase classname="tests.test_circuits" name="test_generator_schemas_reject_unknown_or_irrelevant_keys[builtin_circuit-bell_2q-params1]" time="0.000" /><testcase classname="tests.test_circuits" name="test_generator_schemas_reject_unknown_or_irrelevant_keys[builtin_circuit-qrng-params2]" time="0.000" /><testcase classname="tests.test_circuits" name="test_generator_schemas_reject_unknown_or_irrelevant_keys[quest_compatible_circuit-qrng-params3]" time="0.000" /><testcase classname="tests.test_circuits" name="test_generator_schemas_reject_unknown_or_irrelevant_keys[quest_compatible_circuit-hs-params4]" time="0.000" /><testcase classname="tests.test_circuits" name="test_generators_reject_invalid_or_lossily_coerced_qubit_counts[builtin_circuit-True]" time="0.000" /><testcase classname="tests.test_circuits" name="test_generators_reject_invalid_or_lossily_coerced_qubit_counts[builtin_circuit-False]" time="0.000" /><testcase classname="tests.test_circuits" name="test_generators_reject_invalid_or_lossily_coerced_qubit_counts[builtin_circuit-0]" time="0.000" /><testcase classname="tests.test_circuits" name="test_generators_reject_invalid_or_lossily_coerced_qubit_counts[builtin_circuit--1]" time="0.000" /><testcase classname="tests.test_circuits" name="test_generators_reject_invalid_or_lossily_coerced_qubit_counts[builtin_circuit-3.0]" time="0.000" /><testcase classname="tests.test_circuits" name="test_generators_reject_invalid_or_lossily_coerced_qubit_counts[builtin_circuit-3]" time="0.000" /><testcase classname="tests.test_circuits" name="test_generators_reject_invalid_or_lossily_coerced_qubit_counts[builtin_circuit-None]" time="0.000" /><testcase classname="tests.test_circuits" name="test_generators_reject_invalid_or_lossily_coerced_qubit_counts[quest_compatible_circuit-True]" time="0.000" /><testcase classname="tests.test_circuits" name="test_generators_reject_invalid_or_lossily_coerced_qubit_counts[quest_compatible_circuit-False]" time="0.000" /><testcase classname="tests.test_circuits" name="test_generators_reject_invalid_or_lossily_coerced_qubit_counts[quest_compatible_circuit-0]" time="0.000" /><testcase classname="tests.test_circuits" name="test_generators_reject_invalid_or_lossily_coerced_qubit_counts[quest_compatible_circuit--1]" time="0.000" /><testcase classname="tests.test_circuits" name="test_generators_reject_invalid_or_lossily_coerced_qubit_counts[quest_compatible_circuit-3.0]" time="0.000" /><testcase classname="tests.test_circuits" name="test_generators_reject_invalid_or_lossily_coerced_qubit_counts[quest_compatible_circuit-3]" time="0.000" /><testcase classname="tests.test_circuits" name="test_generators_reject_invalid_or_lossily_coerced_qubit_counts[quest_compatible_circuit-None]" time="0.000" /><testcase classname="tests.test_circuits" name="test_generators_reject_invalid_layer_counts[True]" time="0.000" /><testcase classname="tests.test_circuits" name="test_generators_reject_invalid_layer_counts[0]" time="0.000" /><testcase classname="tests.test_circuits" name="test_generators_reject_invalid_layer_counts[-1]" time="0.000" /><testcase classname="tests.test_circuits" name="test_generators_reject_invalid_layer_counts[2.0]" time="0.000" /><testcase classname="tests.test_circuits" name="test_generators_reject_invalid_layer_counts[2]" time="0.000" /><testcase classname="tests.test_circuits" name="test_generators_reject_invalid_layer_counts[None]" time="0.000" /><testcase classname="tests.test_circuits" name="test_generators_reject_ambiguous_or_inconsistent_counts" time="0.000" /><testcase classname="tests.test_circuits" name="test_load_circuit_does_not_coerce_names" time="0.000" /><testcase classname="tests.test_cli_report" name="test_make_public_targets_are_exact_and_pidcomm_is_private" time="0.010" /><testcase classname="tests.test_cli_report" name="test_physical_smoke_configuration_is_the_safe_default" time="0.004" /><testcase classname="tests.test_cli_report" name="test_planner_opt_einsum_rejects_inert_and_extra_fields[max_repeats-1]" time="0.004" /><testcase classname="tests.test_cli_report" name="test_planner_opt_einsum_rejects_inert_and_extra_fields[seed-0]" time="0.004" /><testcase classname="tests.test_cli_report" name="test_planner_opt_einsum_rejects_inert_and_extra_fields[extra-true]" time="0.004" /><testcase classname="tests.test_cli_report" name="test_planner_cotengra_preserves_consumed_fields" time="0.005" /><testcase classname="tests.test_cli_report" name="test_sequential_upmem_correctness_config_contract" time="0.005" /><testcase classname="tests.test_cli_report" name="test_sequential_upmem_performance_config_uses_complete_randomized_blocks" time="0.005" /><testcase classname="tests.test_cli_report" name="test_external_tn_context_config_is_two_quimb_execution_routes" time="0.003" /><testcase classname="tests.test_cli_report" name="test_loader_normalizes_paths_and_returns_recursive_immutable_values" time="0.004" /><testcase classname="tests.test_cli_report" name="test_loader_rejects_duplicate_yaml_keys" time="0.004" /><testcase classname="tests.test_cli_report" name="test_loader_rejects_unknown_fields_and_invalid_route_unions" time="0.007" /><testcase classname="tests.test_cli_report" name="test_loader_rejects_invalid_matrix_references_and_plan_nullability" time="0.008" /><testcase classname="tests.test_cli_report" name="test_loader_enforces_circuit_name_path_union_and_exact_route_options" time="0.007" /><testcase classname="tests.test_cli_report" name="test_upmem_default_transport_is_preserved_and_directory_transport_is_rejected" time="0.007" /><testcase classname="tests.test_cli_report" name="test_loader_allows_distinct_plan_occurrences_but_rejects_exact_duplicates" time="0.008" /><testcase classname="tests.test_cli_report" name="test_loader_allows_planless_baseline_only_configuration" time="0.004" /><testcase classname="tests.test_cli_report" name="test_experiment_identity_changes_with_repetition_policy" time="0.008" /><testcase classname="tests.test_cli_report" name="test_loader_rejects_invalid_simulator_topology" time="0.004" /><testcase classname="tests.test_cli_report" name="test_loader_accepts_simulator_one_rank_with_three_dpus" time="0.004" /><testcase classname="tests.test_cli_report" name="test_plan_never_opens_a_session_and_writes_deterministic_document" time="0.008" /><testcase classname="tests.test_cli_report" name="test_sliced_conformance_retains_strict_sdk_simulator_coverage" time="0.123" /><testcase classname="tests.test_cli_report" name="test_validation_phase_alignment_cannot_qualify_raw_failure" time="0.000" /><testcase classname="tests.test_cli_report" name="test_validation_gates_relative_l2_in_addition_to_raw_allclose" time="0.000" /><testcase classname="tests.test_cli_report" name="test_run_direct_dispatch_writes_exact_evidence_files" time="0.080" /><testcase classname="tests.test_cli_report" name="test_run_keeps_same_case_route_samples_separate_by_plan_id" time="0.060" /><testcase classname="tests.test_cli_report" name="test_collection_schedule_is_deterministic_and_records_block_order" time="0.004" /><testcase classname="tests.test_cli_report" name="test_generalization_calibration_schedule_remains_frozen_192" time="0.032" /><testcase classname="tests.test_cli_report" name="test_block_cooldown_occurs_once_after_each_nonfinal_block" time="0.003" /><testcase classname="tests.test_cli_report" name="test_sdk_version_queries_the_runtime_package" time="0.004" /><testcase classname="tests.test_cli_report" name="test_physical_machine_preflight_records_static_admission" time="0.004" /><testcase classname="tests.test_cli_report" name="test_environment_provenance_is_compact_and_thread_distinguishable" time="0.004" /><testcase classname="tests.test_cli_report" name="test_physical_machine_preflight_failure_finalizes_without_attempts" time="0.034" /><testcase classname="tests.test_cli_report" name="test_physical_collection_admission_requires_useful_dpu_and_tasklet_work" time="0.000" /><testcase classname="tests.test_cli_report" name="test_load_rejects_tampered_experiment_identity_payload" time="0.050" /><testcase classname="tests.test_cli_report" name="test_load_rejects_tampered_declared_collection_order" time="0.052" /><testcase classname="tests.test_cli_report" name="test_simulator_route_uses_simulator_session_dispatch" time="0.037" /><testcase classname="tests.test_cli_report" name="test_physical_session_failure_stops_before_next_session_and_preserves_cleanup[execution-failure-run_command]" time="0.024" /><testcase classname="tests.test_cli_report" name="test_physical_session_failure_stops_before_next_session_and_preserves_cleanup[execution-failure-qualify_command]" time="0.024" /><testcase classname="tests.test_cli_report" name="test_physical_session_failure_stops_before_next_session_and_preserves_cleanup[unsupported-attempt-run_command]" time="0.024" /><testcase classname="tests.test_cli_report" name="test_physical_session_failure_stops_before_next_session_and_preserves_cleanup[unsupported-attempt-qualify_command]" time="0.024" /><testcase classname="tests.test_cli_report" name="test_physical_session_close_failure_stops_before_next_session_and_preserves_rows[run_command]" time="0.024" /><testcase classname="tests.test_cli_report" name="test_physical_session_close_failure_stops_before_next_session_and_preserves_rows[qualify_command]" time="0.024" /><testcase classname="tests.test_cli_report" name="test_physical_pre_session_failure_is_recorded_and_stops[mapping-run_command]" time="0.020" /><testcase classname="tests.test_cli_report" name="test_physical_pre_session_failure_is_recorded_and_stops[mapping-qualify_command]" time="0.021" /><testcase classname="tests.test_cli_report" name="test_physical_pre_session_failure_is_recorded_and_stops[policy_reference-run_command]" time="0.021" /><testcase classname="tests.test_cli_report" name="test_physical_pre_session_failure_is_recorded_and_stops[policy_reference-qualify_command]" time="0.021" /><testcase classname="tests.test_cli_report" name="test_unsupported_upmem_mapping_is_retained_as_sample" time="0.049" /><testcase classname="tests.test_cli_report" name="test_physical_dual_opt_in_and_qualify_route_selection" time="0.017" /><testcase classname="tests.test_cli_report" name="test_executable_identity_excludes_route_and_numeric_policy" time="0.008" /><testcase classname="tests.test_cli_report" name="test_failed_finalization_returns_failed_status" time="0.043" /><testcase classname="tests.test_cli_report" name="test_report_command_returns_success_for_completed_report" time="0.002" /><testcase classname="tests.test_cli_report" name="test_slicing_is_selected_by_named_plan" time="0.001" /><testcase classname="tests.test_cli_report" name="test_parser_accepts_public_commands" time="0.001" /><testcase classname="tests.test_cli_report" name="test_plan_and_run_reject_nonempty_output_directories" time="0.007" /><testcase classname="tests.test_cli_report" name="test_make_help_lists_active_workflow" time="0.003" /><testcase classname="tests.test_cli_report" name="test_make_qualify_requires_an_explicit_physical_config" time="0.003" /><testcase classname="tests.test_cli_report" name="test_make_forwards_active_cli_commands[plan-arguments0-quantum_bench.cli plan]" time="0.003" /><testcase classname="tests.test_cli_report" name="test_make_forwards_active_cli_commands[run-arguments1-quantum_bench.cli run]" time="0.003" /><testcase classname="tests.test_cli_report" name="test_make_forwards_active_cli_commands[report-arguments2-quantum_bench.cli report]" time="0.003" /><testcase classname="tests.test_cli_report" name="test_make_forwards_active_cli_commands[verify-arguments3-quantum_bench.cli verify]" time="0.003" /><testcase classname="tests.test_cli_report" name="test_make_forwards_active_cli_commands[qualify-arguments4-quantum_bench.cli qualify]" time="0.003" /><testcase classname="tests.test_cli_report" name="test_make_build_forwards_tasklet_count" time="0.005" /><testcase classname="tests.test_cli_report" name="test_sequential_baseline_makefile_and_docs_commands_are_consistent" time="0.008" /><testcase classname="tests.test_cli_report" name="test_active_docs_declare_evidence_sample_v4_only" time="0.000" /><testcase classname="tests.test_cli_report" name="test_numpy_plan_run_verify_report_lifecycle" time="1.352" /><testcase classname="tests.test_cli_report" name="test_load_rejects_noncanonical_reencoding" time="0.020" /><testcase classname="tests.test_cli_report" name="test_load_requires_all_primary_files" time="0.001" /><testcase classname="tests.test_cli_report" name="test_load_binds_manifest_identity_payloads" time="0.009" /><testcase classname="tests.test_cli_report" name="test_verify_and_report_aggregate_duplicate_measurements_once" time="0.368" /><testcase classname="tests.test_cli_report" name="test_report_excludes_sdk_simulator_speedup" time="0.319" /><testcase classname="tests.test_cli_report" name="test_report_ignores_non_upmem_routes_for_speedup" time="0.235" /><testcase classname="tests.test_cli_report" name="test_report_admits_physical_speedup_from_terminal_session_facts" time="0.755" /><testcase classname="tests.test_cli_report" name="test_report_emits_claim_gated_tasklet_scaling_csv" time="0.714" /><testcase classname="tests.test_cli_report" name="test_report_emits_claim_gated_dpu_scaling_csv" time="0.709" /><testcase classname="tests.test_cli_report" name="test_report_emits_validation_metrics_mad_and_unqualified_labels" time="0.245" /><testcase classname="tests.test_cli_report" name="test_report_rejects_scope_mismatch" time="0.642" /><testcase classname="tests.test_cli_report" name="test_report_rejects_speedup_without_full_precision_threshold" time="0.604" /><testcase classname="tests.test_cli_report" name="test_report_rejects_speedup_without_applicable_policy_reference" time="0.591" /><testcase classname="tests.test_cli_report" name="test_verify_counts_warmup_validation_but_claims_use_measurements" time="0.028" /><testcase classname="tests.test_cli_report" name="test_verify_unvalidated_measurement_prevents_qualification" time="0.012" /><testcase classname="tests.test_cli_report" name="test_report_rejects_claims_from_failed_or_dirty_artifacts" time="0.336" /><testcase classname="tests.test_cli_report" name="test_report_rejects_conflicting_terminal_physical_facts" time="0.581" /><testcase classname="tests.test_cli_report" name="test_failed_artifact_generates_diagnostic_report" time="0.014" /><testcase classname="tests.test_cli_report" name="test_plot_key_uniqueness_and_png_smoke" time="0.067" /><testcase classname="tests.test_cli_report" name="test_plot_series_uses_readable_plan_dimension" time="0.000" /><testcase classname="tests.test_cost_guided_archive_copies" name="test_two_copies_are_extracted_verified_and_not_same_inode" time="0.006" /><testcase classname="tests.test_cost_guided_archive_copies" name="test_volatile_or_missing_archive_copies_are_not_accepted" time="0.001" /><testcase classname="tests.test_cost_guided_campaign" name="test_no_fit_without_accepted_raw_round_and_no_evaluation_leakage" time="0.008" /><testcase classname="tests.test_cost_guided_campaign" name="test_prelaunch_budget_requires_verified_predecessors_and_no_prior_invocation" time="0.006" /><testcase classname="tests.test_cost_guided_campaign" name="test_empty_feedback_rounds_stop_after_two_without_refill" time="0.693" /><testcase classname="tests.test_cost_guided_campaign" name="test_feedback_uses_new_paths_and_verified_observations" time="0.447" /><testcase classname="tests.test_cost_guided_campaign" name="test_changed_profile_and_accepted_data_are_rejected" time="0.215" /><testcase classname="tests.test_cost_guided_campaign" name="test_final_evaluation_requires_both_traces_and_freezes_all_roles" time="1.163" /><testcase classname="tests.test_cost_guided_evidence" name="test_qualification_exact_replay_cpu_and_sdk[cpu]" time="0.334" /><testcase classname="tests.test_cost_guided_evidence" name="test_qualification_exact_replay_cpu_and_sdk[sdk]" time="0.284" /><testcase classname="tests.test_cost_guided_evidence" name="test_physical_backend_guard_still_rejects_sdk" time="0.204" /><testcase classname="tests.test_cost_guided_evidence" name="test_real_two_path_cpu_adapter_qualification" time="0.535" /><testcase classname="tests.test_cost_guided_evidence" name="test_qualification_raw_corruption_rejected[source-cpu]" time="0.258" /><testcase classname="tests.test_cost_guided_evidence" name="test_qualification_raw_corruption_rejected[source-sdk]" time="0.216" /><testcase classname="tests.test_cost_guided_evidence" name="test_qualification_raw_corruption_rejected[dirty-cpu]" time="0.259" /><testcase classname="tests.test_cost_guided_evidence" name="test_qualification_raw_corruption_rejected[dirty-sdk]" time="0.215" /><testcase classname="tests.test_cost_guided_evidence" name="test_qualification_raw_corruption_rejected[missing_sample-cpu]" time="0.255" /><testcase classname="tests.test_cost_guided_evidence" name="test_qualification_raw_corruption_rejected[missing_sample-sdk]" time="0.211" /><testcase classname="tests.test_cost_guided_evidence" name="test_qualification_raw_corruption_rejected[duplicate_sample-cpu]" time="0.253" /><testcase classname="tests.test_cost_guided_evidence" name="test_qualification_raw_corruption_rejected[duplicate_sample-sdk]" time="0.209" /><testcase classname="tests.test_cost_guided_evidence" name="test_qualification_raw_corruption_rejected[numeric-cpu]" time="0.321" /><testcase classname="tests.test_cost_guided_evidence" name="test_qualification_raw_corruption_rejected[numeric-sdk]" time="0.286" /><testcase classname="tests.test_cost_guided_evidence" name="test_qualification_raw_corruption_rejected[accuracy-cpu]" time="0.325" /><testcase classname="tests.test_cost_guided_evidence" name="test_qualification_raw_corruption_rejected[accuracy-sdk]" time="0.287" /><testcase classname="tests.test_cost_guided_evidence" name="test_qualification_raw_corruption_rejected[replay-cpu]" time="0.333" /><testcase classname="tests.test_cost_guided_evidence" name="test_qualification_raw_corruption_rejected[replay-sdk]" time="0.286" /><testcase classname="tests.test_cost_guided_evidence" name="test_qualification_raw_corruption_rejected[logical-cpu]" time="0.322" /><testcase classname="tests.test_cost_guided_evidence" name="test_qualification_raw_corruption_rejected[logical-sdk]" time="0.286" /><testcase classname="tests.test_cost_guided_evidence" name="test_qualification_raw_corruption_rejected[physical-cpu]" time="0.323" /><testcase classname="tests.test_cost_guided_evidence" name="test_qualification_raw_corruption_rejected[physical-sdk]" time="0.287" /><testcase classname="tests.test_cost_guided_evidence" name="test_qualification_raw_corruption_rejected[executable-cpu]" time="0.331" /><testcase classname="tests.test_cost_guided_evidence" name="test_qualification_raw_corruption_rejected[executable-sdk]" time="0.284" /><testcase classname="tests.test_cost_guided_evidence" name="test_qualification_raw_corruption_rejected[default_policy-cpu]" time="0.342" /><testcase classname="tests.test_cost_guided_evidence" name="test_qualification_raw_corruption_rejected[default_policy-sdk]" time="0.214" /><testcase classname="tests.test_cost_guided_evidence" name="test_qualification_raw_corruption_rejected[output_digest-cpu]" time="0.251" /><testcase classname="tests.test_cost_guided_evidence" name="test_qualification_raw_corruption_rejected[output_digest-sdk]" time="0.208" /><testcase classname="tests.test_cost_guided_evidence" name="test_qualification_raw_corruption_rejected[scope-cpu]" time="0.329" /><testcase classname="tests.test_cost_guided_evidence" name="test_qualification_raw_corruption_rejected[scope-sdk]" time="0.285" /><testcase classname="tests.test_cost_guided_evidence" name="test_qualification_raw_corruption_rejected[block-cpu]" time="0.252" /><testcase classname="tests.test_cost_guided_evidence" name="test_qualification_raw_corruption_rejected[block-sdk]" time="0.208" /><testcase classname="tests.test_cost_guided_evidence" name="test_qualification_input_binding_rejected[executor_source-cpu]" time="0.258" /><testcase classname="tests.test_cost_guided_evidence" name="test_qualification_input_binding_rejected[executor_source-sdk]" time="0.215" /><testcase classname="tests.test_cost_guided_evidence" name="test_qualification_input_binding_rejected[binding_executor-cpu]" time="0.258" /><testcase classname="tests.test_cost_guided_evidence" name="test_qualification_input_binding_rejected[binding_executor-sdk]" time="0.214" /><testcase classname="tests.test_cost_guided_evidence" name="test_qualification_input_binding_rejected[binding_study-cpu]" time="0.257" /><testcase classname="tests.test_cost_guided_evidence" name="test_qualification_input_binding_rejected[binding_study-sdk]" time="0.214" /><testcase classname="tests.test_cost_guided_evidence" name="test_qualification_input_binding_rejected[binding_workload-cpu]" time="0.266" /><testcase classname="tests.test_cost_guided_evidence" name="test_qualification_input_binding_rejected[binding_workload-sdk]" time="0.213" /><testcase classname="tests.test_cost_guided_evidence" name="test_qualification_input_binding_rejected[selection_binding-cpu]" time="0.256" /><testcase classname="tests.test_cost_guided_evidence" name="test_qualification_input_binding_rejected[selection_binding-sdk]" time="0.212" /><testcase classname="tests.test_cost_guided_evidence" name="test_qualification_input_binding_rejected[numeric_policy-cpu]" time="0.256" /><testcase classname="tests.test_cost_guided_evidence" name="test_qualification_input_binding_rejected[numeric_policy-sdk]" time="0.213" /><testcase classname="tests.test_cost_guided_evidence" name="test_qualification_input_binding_rejected[config-cpu]" time="0.346" /><testcase classname="tests.test_cost_guided_evidence" name="test_qualification_input_binding_rejected[config-sdk]" time="0.227" /><testcase classname="tests.test_cost_guided_evidence" name="test_cpu_qualification_rejects_wrong_backend[cpu_fallback_used-True]" time="0.320" /><testcase classname="tests.test_cost_guided_evidence" name="test_cpu_qualification_rejects_wrong_backend[test_double_execution-True]" time="0.330" /><testcase classname="tests.test_cost_guided_evidence" name="test_cpu_qualification_rejects_wrong_backend[simulator_kernel_executed-True]" time="0.322" /><testcase classname="tests.test_cost_guided_evidence" name="test_cpu_qualification_rejects_wrong_backend[backend_id-other]" time="0.410" /><testcase classname="tests.test_cost_guided_evidence" name="test_cpu_qualification_rejects_wrong_backend[execution_class-other]" time="0.322" /><testcase classname="tests.test_cost_guided_evidence" name="test_sdk_qualification_rejects_wrong_backend[cpu_fallback_used-True]" time="0.286" /><testcase classname="tests.test_cost_guided_evidence" name="test_sdk_qualification_rejects_wrong_backend[test_double_execution-True]" time="0.287" /><testcase classname="tests.test_cost_guided_evidence" name="test_sdk_qualification_rejects_wrong_backend[target_observed-physical_hardware]" time="0.286" /><testcase classname="tests.test_cost_guided_evidence" name="test_sdk_qualification_rejects_wrong_backend[execution_resource_admission_passed-False]" time="0.287" /><testcase classname="tests.test_cost_guided_evidence" name="test_sdk_qualification_rejects_wrong_backend[execution_resource_admission_passed-1]" time="0.287" /><testcase classname="tests.test_cost_guided_evidence" name="test_sdk_qualification_rejects_wrong_backend[execution_resource_admission_passed-None]" time="0.286" /><testcase classname="tests.test_cost_guided_evidence" name="test_sdk_qualification_rejects_wrong_backend[startup_resource_admission_passed-False]" time="0.286" /><testcase classname="tests.test_cost_guided_evidence" name="test_sdk_qualification_rejects_wrong_backend[active_dpus-99]" time="0.287" /><testcase classname="tests.test_cost_guided_evidence" name="test_sdk_qualification_rejects_wrong_backend[rank_count-2]" time="0.286" /><testcase classname="tests.test_cost_guided_evidence" name="test_sdk_qualification_rejects_wrong_backend[active_dpus-True]" time="0.287" /><testcase classname="tests.test_cost_guided_evidence" name="test_sdk_qualification_rejects_wrong_backend[requested_dpus-True]" time="0.287" /><testcase classname="tests.test_cost_guided_evidence" name="test_sdk_qualification_rejects_wrong_backend[allocated_dpus-True]" time="0.287" /><testcase classname="tests.test_cost_guided_evidence" name="test_sdk_qualification_rejects_wrong_backend[execution_active_dpu_count-True]" time="0.287" /><testcase classname="tests.test_cost_guided_evidence" name="test_sdk_qualification_rejects_wrong_backend[logical_plan_id-aaaaaaaaaaaaaaaaaaaaaaaaaaaaaaaaaaaaaaaaaaaaaaaaaaaaaaaaaaaaaaaa]" time="0.286" /><testcase classname="tests.test_cost_guided_evidence" name="test_sdk_qualification_rejects_wrong_backend[physical_plan_id-aaaaaaaaaaaaaaaaaaaaaaaaaaaaaaaaaaaaaaaaaaaaaaaaaaaaaaaaaaaaaaaa]" time="0.286" /><testcase classname="tests.test_cost_guided_evidence" name="test_sdk_qualification_rejects_wrong_backend[output_hash-invalid]" time="0.286" /><testcase classname="tests.test_cost_guided_evidence" name="test_sdk_qualification_rejects_session_corruption[release]" time="0.208" /><testcase classname="tests.test_cost_guided_evidence" name="test_sdk_qualification_rejects_session_corruption[binary]" time="0.286" /><testcase classname="tests.test_cost_guided_evidence" name="test_sdk_qualification_rejects_session_corruption[simulator_target]" time="0.287" /><testcase classname="tests.test_cost_guided_evidence" name="test_sdk_qualification_rejects_session_corruption[missing_session]" time="0.210" /><testcase classname="tests.test_cost_guided_evidence" name="test_sdk_qualification_rejects_session_corruption[duplicate_session]" time="0.208" /><testcase classname="tests.test_cost_guided_evidence" name="test_sdk_qualification_rejects_session_corruption[null_startup]" time="0.372" /><testcase classname="tests.test_cost_guided_evidence" name="test_sdk_qualification_rejects_session_corruption[boolean_count]" time="0.287" /><testcase classname="tests.test_cost_guided_evidence" name="test_sdk_qualification_joins_terminal_startup_fact" time="0.286" /><testcase classname="tests.test_cost_guided_evidence" name="test_complete_round_immutable_relocatable[initial]" time="0.327" /><testcase classname="tests.test_cost_guided_evidence" name="test_complete_round_immutable_relocatable[feedback_1]" time="0.560" /><testcase classname="tests.test_cost_guided_evidence" name="test_complete_round_immutable_relocatable[feedback_2]" time="0.559" /><testcase classname="tests.test_cost_guided_evidence" name="test_complete_round_immutable_relocatable[evaluation]" time="0.340" /><testcase classname="tests.test_cost_guided_evidence" name="test_corruption_rejected[missing_attempt]" time="0.150" /><testcase classname="tests.test_cost_guided_evidence" name="test_corruption_rejected[extra_attempt]" time="0.149" /><testcase classname="tests.test_cost_guided_evidence" name="test_corruption_rejected[missing_session]" time="0.149" /><testcase classname="tests.test_cost_guided_evidence" name="test_corruption_rejected[reused_session]" time="0.232" /><testcase classname="tests.test_cost_guided_evidence" name="test_corruption_rejected[block]" time="0.147" /><testcase classname="tests.test_cost_guided_evidence" name="test_corruption_rejected[source]" time="0.181" /><testcase classname="tests.test_cost_guided_evidence" name="test_corruption_rejected[dirty]" time="0.182" /><testcase classname="tests.test_cost_guided_evidence" name="test_corruption_rejected[failed]" time="0.147" /><testcase classname="tests.test_cost_guided_evidence" name="test_corruption_rejected[fallback]" time="0.233" /><testcase classname="tests.test_cost_guided_evidence" name="test_corruption_rejected[release]" time="0.146" /><testcase classname="tests.test_cost_guided_evidence" name="test_corruption_rejected[execution]" time="0.232" /><testcase classname="tests.test_cost_guided_evidence" name="test_corruption_rejected[startup]" time="0.232" /><testcase classname="tests.test_cost_guided_evidence" name="test_corruption_rejected[accuracy]" time="0.146" /><testcase classname="tests.test_cost_guided_evidence" name="test_corruption_rejected[replay]" time="0.234" /><testcase classname="tests.test_cost_guided_evidence" name="test_corruption_rejected[scope]" time="0.149" /><testcase classname="tests.test_cost_guided_evidence" name="test_corruption_rejected[digest]" time="0.148" /><testcase classname="tests.test_cost_guided_evidence" name="test_corruption_rejected[runtime_digest]" time="0.317" /><testcase classname="tests.test_cost_guided_evidence" name="test_corruption_rejected[logical]" time="0.148" /><testcase classname="tests.test_cost_guided_evidence" name="test_corruption_rejected[physical]" time="0.148" /><testcase classname="tests.test_cost_guided_evidence" name="test_corruption_rejected[binary]" time="0.233" /><testcase classname="tests.test_cost_guided_evidence" name="test_corruption_rejected[collection]" time="0.234" /><testcase classname="tests.test_cost_guided_evidence" name="test_corruption_rejected[zero_time]" time="0.233" /><testcase classname="tests.test_cost_guided_evidence" name="test_corruption_rejected[provenance]" time="0.182" /><testcase classname="tests.test_cost_guided_evidence" name="test_corruption_rejected[sidecar_executor]" time="0.182" /><testcase classname="tests.test_cost_guided_evidence" name="test_corruption_rejected[private_checksum]" time="0.159" /><testcase classname="tests.test_cost_guided_evidence" name="test_corruption_rejected[expected_attempts]" time="0.182" /><testcase classname="tests.test_cost_guided_evidence" name="test_corruption_rejected[split]" time="0.182" /><testcase classname="tests.test_cost_guided_evidence" name="test_corruption_rejected[path]" time="0.181" /><testcase classname="tests.test_cost_guided_evidence" name="test_corruption_rejected[profile]" time="0.182" /><testcase classname="tests.test_cost_guided_evidence" name="test_required_physical_elapsed[0.0]" time="0.232" /><testcase classname="tests.test_cost_guided_evidence" name="test_required_physical_elapsed[12.5]" time="0.232" /><testcase classname="tests.test_cost_guided_evidence" name="test_required_physical_elapsed[100.0]" time="0.231" /><testcase classname="tests.test_cost_guided_evidence" name="test_required_physical_elapsed[-1.0]" time="0.231" /><testcase classname="tests.test_cost_guided_evidence" name="test_required_physical_elapsed[nan]" time="0.231" /><testcase classname="tests.test_cost_guided_evidence" name="test_required_physical_elapsed[True]" time="0.231" /><testcase classname="tests.test_cost_guided_evidence" name="test_invalid_terminal_state_rejected[source-eeeeeeeeeeeeeeeeeeeeeeeeeeeeeeeeeeeeeeee]" time="0.232" /><testcase classname="tests.test_cost_guided_evidence" name="test_invalid_terminal_state_rejected[worktree_status- M source.py]" time="0.231" /><testcase classname="tests.test_cost_guided_evidence" name="test_invalid_terminal_state_rejected[terminal_inspection_valid-False]" time="0.233" /><testcase classname="tests.test_cost_guided_evidence" name="test_invalid_terminal_state_rejected[rank1_released-False]" time="0.231" /><testcase classname="tests.test_cost_guided_evidence" name="test_invalid_terminal_state_rejected[terminal_inspection_errors-value4]" time="0.231" /><testcase classname="tests.test_cost_guided_evidence" name="test_invalid_terminal_state_rejected[rank_ownership_at_finally-value5]" time="0.318" /><testcase classname="tests.test_cost_guided_evidence" name="test_invalid_terminal_state_rejected[physical_stage_elapsed_clock-estimated]" time="0.233" /><testcase classname="tests.test_cost_guided_evidence" name="test_invalid_terminal_state_rejected[retries-1]" time="0.233" /><testcase classname="tests.test_cost_guided_evidence" name="test_invalid_terminal_state_rejected[replacements-True]" time="0.232" /><testcase classname="tests.test_cost_guided_evidence" name="test_invalid_terminal_process_rejected[physical-returncode-1]" time="0.234" /><testcase classname="tests.test_cost_guided_evidence" name="test_invalid_terminal_process_rejected[physical-returncode-False]" time="0.232" /><testcase classname="tests.test_cost_guided_evidence" name="test_invalid_terminal_process_rejected[canonical-returncode-1]" time="0.233" /><testcase classname="tests.test_cost_guided_evidence" name="test_invalid_terminal_process_rejected[physical-timed_out-True]" time="0.233" /><testcase classname="tests.test_cost_guided_evidence" name="test_invalid_terminal_process_rejected[canonical-timed_out-True]" time="0.232" /><testcase classname="tests.test_cost_guided_evidence" name="test_invalid_terminal_process_rejected[physical-planned_attempts-4]" time="0.233" /><testcase classname="tests.test_cost_guided_evidence" name="test_invalid_terminal_process_rejected[physical-actual_sample_rows-7]" time="0.234" /><testcase classname="tests.test_cost_guided_evidence" name="test_invalid_terminal_process_rejected[physical-elapsed_s-101.0]" time="0.233" /><testcase classname="tests.test_cost_guided_evidence" name="test_missing_terminal_rejected" time="0.233" /><testcase classname="tests.test_cost_guided_evidence" name="test_self_consistent_sidecar_cannot_bypass_semantics[path-invalid active operands]" time="0.190" /><testcase classname="tests.test_cost_guided_evidence" name="test_self_consistent_sidecar_cannot_bypass_semantics[split-split]" time="0.190" /><testcase classname="tests.test_cost_guided_evidence" name="test_self_consistent_sidecar_cannot_bypass_semantics[memory-host memory]" time="0.212" /><testcase classname="tests.test_cost_guided_evidence" name="test_self_consistent_sidecar_cannot_bypass_semantics[physical-physical plan]" time="0.201" /><testcase classname="tests.test_cost_guided_evidence" name="test_self_consistent_sidecar_cannot_bypass_semantics[facts-cost facts]" time="0.213" /><testcase classname="tests.test_cost_guided_evidence" name="test_self_consistent_sidecar_cannot_bypass_semantics[source-source_sha]" time="0.159" /><testcase classname="tests.test_cost_guided_evidence" name="test_self_consistent_sidecar_cannot_bypass_semantics[blocks-blocks]" time="0.159" /><testcase classname="tests.test_cost_guided_evidence" name="test_self_consistent_sidecar_cannot_bypass_semantics[expected_attempts-expected attempts]" time="0.233" /><testcase classname="tests.test_cost_guided_evidence" name="test_fit_row_contract_and_no_search[initial]" time="0.231" /><testcase classname="tests.test_cost_guided_evidence" name="test_fit_row_contract_and_no_search[evaluation]" time="0.239" /><testcase classname="tests.test_cost_guided_evidence" name="test_preserves_request_components_without_imputation" time="0.320" /><testcase classname="tests.test_cost_guided_evidence" name="test_qasm_archive_byte_binding" time="0.311" /><testcase classname="tests.test_cost_guided_evidence" name="test_portable_qasm_normalization_rejects_unbound_paths[suffix]" time="0.002" /><testcase classname="tests.test_cost_guided_evidence" name="test_portable_qasm_normalization_rejects_unbound_paths[traversal]" time="0.002" /><testcase classname="tests.test_cost_guided_evidence" name="test_portable_qasm_normalization_rejects_unbound_paths[absolute_yaml]" time="0.002" /><testcase classname="tests.test_cost_guided_evidence" name="test_portable_qasm_normalization_rejects_unbound_paths[missing_binding]" time="0.002" /><testcase classname="tests.test_cost_guided_evidence" name="test_portable_qasm_normalization_rejects_unbound_paths[hash]" time="0.002" /><testcase classname="tests.test_cost_guided_evidence" name="test_real_qasm_cpu_qualification_after_archive_relocation" time="0.320" /><testcase classname="tests.test_cost_guided_evidence" name="test_skipped_cells_are_not_invented_as_observations" time="0.329" /><testcase classname="tests.test_cost_guided_evidence" name="test_exact_active_and_skipped_workload_partition[omitted-initial]" time="0.188" /><testcase classname="tests.test_cost_guided_evidence" name="test_exact_active_and_skipped_workload_partition[omitted-feedback_1]" time="0.304" /><testcase classname="tests.test_cost_guided_evidence" name="test_exact_active_and_skipped_workload_partition[omitted-feedback_2]" time="0.305" /><testcase classname="tests.test_cost_guided_evidence" name="test_exact_active_and_skipped_workload_partition[omitted-evaluation]" time="0.193" /><testcase classname="tests.test_cost_guided_evidence" name="test_exact_active_and_skipped_workload_partition[extra_workload_instance-initial]" time="0.188" /><testcase classname="tests.test_cost_guided_evidence" name="test_exact_active_and_skipped_workload_partition[extra_workload_instance-feedback_1]" time="0.305" /><testcase classname="tests.test_cost_guided_evidence" name="test_exact_active_and_skipped_workload_partition[extra_workload_instance-feedback_2]" time="0.306" /><testcase classname="tests.test_cost_guided_evidence" name="test_exact_active_and_skipped_workload_partition[extra_workload_instance-evaluation]" time="0.194" /><testcase classname="tests.test_cost_guided_evidence" name="test_exact_active_and_skipped_workload_partition[overlap-initial]" time="0.189" /><testcase classname="tests.test_cost_guided_evidence" name="test_exact_active_and_skipped_workload_partition[overlap-feedback_1]" time="0.306" /><testcase classname="tests.test_cost_guided_evidence" name="test_exact_active_and_skipped_workload_partition[overlap-feedback_2]" time="0.306" /><testcase classname="tests.test_cost_guided_evidence" name="test_exact_active_and_skipped_workload_partition[overlap-evaluation]" time="0.195" /><testcase classname="tests.test_cost_guided_evidence" name="test_exact_active_and_skipped_workload_partition[foreign_skip-initial]" time="0.187" /><testcase classname="tests.test_cost_guided_evidence" name="test_exact_active_and_skipped_workload_partition[foreign_skip-feedback_1]" time="0.304" /><testcase classname="tests.test_cost_guided_evidence" name="test_exact_active_and_skipped_workload_partition[foreign_skip-feedback_2]" time="0.306" /><testcase classname="tests.test_cost_guided_evidence" name="test_exact_active_and_skipped_workload_partition[foreign_skip-evaluation]" time="0.194" /><testcase classname="tests.test_cost_guided_evidence" name="test_initial_and_evaluation_cannot_replace_missing_cell_with_skip[initial]" time="0.188" /><testcase classname="tests.test_cost_guided_evidence" name="test_initial_and_evaluation_cannot_replace_missing_cell_with_skip[evaluation]" time="0.194" /><testcase classname="tests.test_cost_guided_evidence" name="test_feedback_skip_requires_explicit_no_new_candidate_reason[None]" time="0.369" /><testcase classname="tests.test_cost_guided_evidence" name="test_feedback_skip_requires_explicit_no_new_candidate_reason[no_headroom]" time="0.282" /><testcase classname="tests.test_cost_guided_evidence" name="test_feedback_skip_requires_explicit_no_new_candidate_reason[infeasible]" time="0.283" /><testcase classname="tests.test_cost_guided_evidence" name="test_feedback_skip_requires_explicit_no_new_candidate_reason[]" time="0.284" /><testcase classname="tests.test_cost_guided_evidence" name="test_mandatory_stage_roles[initial-G]" time="0.187" /><testcase classname="tests.test_cost_guided_evidence" name="test_mandatory_stage_roles[initial-F]" time="0.187" /><testcase classname="tests.test_cost_guided_evidence" name="test_mandatory_stage_roles[initial-R]" time="0.188" /><testcase classname="tests.test_cost_guided_evidence" name="test_mandatory_stage_roles[feedback_1-G]" time="0.305" /><testcase classname="tests.test_cost_guided_evidence" name="test_mandatory_stage_roles[feedback_1-new_best]" time="0.305" /><testcase classname="tests.test_cost_guided_evidence" name="test_mandatory_stage_roles[feedback_2-G]" time="0.306" /><testcase classname="tests.test_cost_guided_evidence" name="test_mandatory_stage_roles[feedback_2-new_best]" time="0.306" /><testcase classname="tests.test_cost_guided_evidence" name="test_mandatory_stage_roles[evaluation-G]" time="0.194" /><testcase classname="tests.test_cost_guided_evidence" name="test_mandatory_stage_roles[evaluation-F]" time="0.195" /><testcase classname="tests.test_cost_guided_evidence" name="test_mandatory_stage_roles[evaluation-R]" time="0.193" /><testcase classname="tests.test_cost_guided_evidence" name="test_mandatory_stage_roles[evaluation-U]" time="0.194" /><testcase classname="tests.test_cost_guided_evidence" name="test_feedback_new_best_cannot_alias_greedy[feedback_1]" time="0.304" /><testcase classname="tests.test_cost_guided_evidence" name="test_feedback_new_best_cannot_alias_greedy[feedback_2]" time="0.304" /><testcase classname="tests.test_cost_guided_evidence" name="test_rehashed_loose_accuracy_policy_is_not_the_frozen_policy" time="0.150" /><testcase classname="tests.test_cost_guided_evidence" name="test_experiment_payload_must_bind_the_same_default_validation_policy" time="0.152" /><testcase classname="tests.test_cost_guided_evidence" name="test_self_consistent_collection_must_match_frozen_stage_policy[changes0-initial]" time="0.149" /><testcase classname="tests.test_cost_guided_evidence" name="test_self_consistent_collection_must_match_frozen_stage_policy[changes0-feedback_1]" time="0.248" /><testcase classname="tests.test_cost_guided_evidence" name="test_self_consistent_collection_must_match_frozen_stage_policy[changes0-feedback_2]" time="0.336" /><testcase classname="tests.test_cost_guided_evidence" name="test_self_consistent_collection_must_match_frozen_stage_policy[changes0-evaluation]" time="0.152" /><testcase classname="tests.test_cost_guided_evidence" name="test_self_consistent_collection_must_match_frozen_stage_policy[changes1-initial]" time="0.148" /><testcase classname="tests.test_cost_guided_evidence" name="test_self_consistent_collection_must_match_frozen_stage_policy[changes1-feedback_1]" time="0.248" /><testcase classname="tests.test_cost_guided_evidence" name="test_self_consistent_collection_must_match_frozen_stage_policy[changes1-feedback_2]" time="0.248" /><testcase classname="tests.test_cost_guided_evidence" name="test_self_consistent_collection_must_match_frozen_stage_policy[changes1-evaluation]" time="0.152" /><testcase classname="tests.test_cost_guided_execution" name="test_preflight_records_admission_without_allocation" time="0.002" /><testcase classname="tests.test_cost_guided_execution" name="test_preflight_rejects_admission_failures[source]" time="0.001" /><testcase classname="tests.test_cost_guided_execution" name="test_preflight_rejects_admission_failures[dirty]" time="0.001" /><testcase classname="tests.test_cost_guided_execution" name="test_preflight_rejects_admission_failures[rank0_owned]" time="0.002" /><testcase classname="tests.test_cost_guided_execution" name="test_preflight_rejects_admission_failures[rank1_owned]" time="0.002" /><testcase classname="tests.test_cost_guided_execution" name="test_preflight_rejects_admission_failures[rank_unknown]" time="0.002" /><testcase classname="tests.test_cost_guided_execution" name="test_preflight_rejects_admission_failures[rank1_missing]" time="0.002" /><testcase classname="tests.test_cost_guided_execution" name="test_preflight_rejects_admission_failures[missing_rank_state]" time="0.001" /><testcase classname="tests.test_cost_guided_execution" name="test_preflight_rejects_admission_failures[device]" time="0.001" /><testcase classname="tests.test_cost_guided_execution" name="test_preflight_rejects_admission_failures[cli]" time="0.002" /><testcase classname="tests.test_cost_guided_execution" name="test_preflight_rejects_admission_failures[upmem_host]" time="0.001" /><testcase classname="tests.test_cost_guided_execution" name="test_preflight_rejects_admission_failures[other_host]" time="0.001" /><testcase classname="tests.test_cost_guided_execution" name="test_preflight_rejects_admission_failures[sdk]" time="0.001" /><testcase classname="tests.test_cost_guided_execution" name="test_preflight_rejects_admission_failures[governor]" time="0.002" /><testcase classname="tests.test_cost_guided_execution" name="test_preflight_rejects_admission_failures[memory]" time="0.002" /><testcase classname="tests.test_cost_guided_execution" name="test_preflight_rejects_admission_failures[memory_units]" time="0.002" /><testcase classname="tests.test_cost_guided_execution" name="test_preflight_rejects_admission_failures[storage]" time="0.002" /><testcase classname="tests.test_cost_guided_execution" name="test_preflight_rejects_admission_failures[writable]" time="0.001" /><testcase classname="tests.test_cost_guided_execution" name="test_preflight_rejects_admission_failures[binary]" time="0.002" /><testcase classname="tests.test_cost_guided_execution" name="test_preflight_rejects_admission_failures[empty_binaries]" time="0.002" /><testcase classname="tests.test_cost_guided_execution" name="test_preflight_rejects_admission_failures[affinity]" time="0.002" /><testcase classname="tests.test_cost_guided_execution" name="test_terminal_inspection_preserves_partial_facts_and_fails_closed[None]" time="0.001" /><testcase classname="tests.test_cost_guided_execution" name="test_terminal_inspection_preserves_partial_facts_and_fails_closed[head]" time="0.001" /><testcase classname="tests.test_cost_guided_execution" name="test_terminal_inspection_preserves_partial_facts_and_fails_closed[dirty]" time="0.002" /><testcase classname="tests.test_cost_guided_execution" name="test_terminal_inspection_preserves_partial_facts_and_fails_closed[owned]" time="0.002" /><testcase classname="tests.test_cost_guided_execution" name="test_terminal_inspection_preserves_partial_facts_and_fails_closed[source_error]" time="0.001" /><testcase classname="tests.test_cost_guided_execution" name="test_terminal_inspection_preserves_partial_facts_and_fails_closed[rank_error]" time="0.001" /><testcase classname="tests.test_cost_guided_execution" name="test_successful_process_logs_and_returns_exit_status" time="0.017" /><testcase classname="tests.test_cost_guided_execution" name="test_owned_group_cleanup_leaves_unrelated_process_alive[False]" time="1.259" /><testcase classname="tests.test_cost_guided_execution" name="test_owned_group_cleanup_leaves_unrelated_process_alive[True]" time="0.422" /><testcase classname="tests.test_cost_guided_execution" name="test_cleanup_failure_is_bounded_and_explicit" time="0.001" /><testcase classname="tests.test_cost_guided_execution" name="test_inaccessible_group_inspection_is_not_success" time="0.002" /><testcase classname="tests.test_cost_guided_execution" name="test_invalid_timeout_never_starts_process[0]" time="0.001" /><testcase classname="tests.test_cost_guided_execution" name="test_invalid_timeout_never_starts_process[-1]" time="0.002" /><testcase classname="tests.test_cost_guided_execution" name="test_invalid_timeout_never_starts_process[True]" time="0.002" /><testcase classname="tests.test_cost_guided_execution" name="test_invalid_timeout_never_starts_process[nan]" time="0.002" /><testcase classname="tests.test_cost_guided_execution" name="test_invalid_timeout_never_starts_process[inf]" time="0.002" /><testcase classname="tests.test_cost_guided_execution" name="test_archive_relative_sorted_checksums_include_nested_manifest" time="0.031" /><testcase classname="tests.test_cost_guided_execution" name="test_archive_failure_preserves_partial" time="0.004" /><testcase classname="tests.test_cost_guided_execution" name="test_archive_publication_race_cannot_overwrite" time="0.006" /><testcase classname="tests.test_cost_guided_execution" name="test_archive_rejects_external_symlink" time="0.002" /><testcase classname="tests.test_cost_guided_execution" name="test_archive_fsync_order_and_flushed_contents" time="0.010" /><testcase classname="tests.test_cost_guided_execution" name="test_archive_fsync_failure_preserves_evidence_and_never_retries[1]" time="0.003" /><testcase classname="tests.test_cost_guided_execution" name="test_archive_fsync_failure_preserves_evidence_and_never_retries[2]" time="0.004" /><testcase classname="tests.test_cost_guided_execution" name="test_archive_fsync_failure_preserves_evidence_and_never_retries[3]" time="0.005" /><testcase classname="tests.test_cost_guided_execution" name="test_archive_fsync_failure_preserves_evidence_and_never_retries[4]" time="0.006" /><testcase classname="tests.test_cost_guided_execution" name="test_archive_fsync_failure_preserves_evidence_and_never_retries[5]" time="0.008" /><testcase classname="tests.test_cost_guided_execution" name="test_archive_fsync_failure_preserves_evidence_and_never_retries[6]" time="0.008" /><testcase classname="tests.test_cost_guided_execution" name="test_archive_fsync_failure_preserves_evidence_and_never_retries[7]" time="0.009" /><testcase classname="tests.test_cost_guided_execution" name="test_execute_validates_relocated_qasm_packet[qasm]" time="0.413" /><testcase classname="tests.test_cost_guided_execution" name="test_execute_once_from_archived_packet_and_never_accept" time="0.337" /><testcase classname="tests.test_cost_guided_execution" name="test_failed_stage_is_retained_and_consumed[failure]" time="0.324" /><testcase classname="tests.test_cost_guided_execution" name="test_failed_stage_is_retained_and_consumed[timeout]" time="0.330" /><testcase classname="tests.test_cost_guided_execution" name="test_failed_stage_is_retained_and_consumed[exception]" time="0.325" /><testcase classname="tests.test_cost_guided_execution" name="test_failed_stage_is_retained_and_consumed[sigterm]" time="0.323" /><testcase classname="tests.test_cost_guided_execution" name="test_failed_stage_is_retained_and_consumed[terminal_denied]" time="0.328" /><testcase classname="tests.test_cost_guided_execution" name="test_preflight_denial_under_lock_does_not_consume_stage[occupied]" time="0.317" /><testcase classname="tests.test_cost_guided_execution" name="test_preflight_denial_under_lock_does_not_consume_stage[source]" time="0.318" /><testcase classname="tests.test_cost_guided_execution" name="test_stop_during_spawn_cleans_captured_child[Signals.SIGTERM]" time="0.002" /><testcase classname="tests.test_cost_guided_execution" name="test_stop_during_spawn_cleans_captured_child[Signals.SIGINT]" time="0.002" /><testcase classname="tests.test_cost_guided_execution" name="test_second_stop_does_not_interrupt_owned_cleanup" time="0.153" /><testcase classname="tests.test_cost_guided_execution" name="test_existing_output_is_not_overwritten" time="0.187" /><testcase classname="tests.test_cost_guided_execution" name="test_handoff_tampering_rejects_before_invocation[external_hash]" time="0.108" /><testcase classname="tests.test_cost_guided_execution" name="test_handoff_tampering_rejects_before_invocation[qualification]" time="0.170" /><testcase classname="tests.test_cost_guided_execution" name="test_handoff_tampering_rejects_before_invocation[qualification_hash]" time="0.171" /><testcase classname="tests.test_cost_guided_execution" name="test_handoff_tampering_rejects_before_invocation[source]" time="0.171" /><testcase classname="tests.test_cost_guided_execution" name="test_handoff_tampering_rejects_before_invocation[packet_hash]" time="0.171" /><testcase classname="tests.test_cost_guided_execution" name="test_handoff_tampering_rejects_before_invocation[budget]" time="0.171" /><testcase classname="tests.test_cost_guided_execution" name="test_handoff_tampering_rejects_before_invocation[prefix]" time="0.173" /><testcase classname="tests.test_cost_guided_execution" name="test_handoff_tampering_rejects_before_invocation[numeric]" time="0.171" /><testcase classname="tests.test_cost_guided_execution" name="test_packet_changed_after_export_rejec
[...]
name="tests.test_upmem_wave_protocol" name="test_reject_invalid_fields[tasklets-25]" time="0.000" /><testcase classname="tests.test_upmem_wave_protocol" name="test_reject_invalid_fields[tasklets-True]" time="0.000" /><testcase classname="tests.test_upmem_wave_protocol" name="test_reject_invalid_fields[numeric_mode-2]" time="0.000" /><testcase classname="tests.test_upmem_wave_protocol" name="test_reject_invalid_fields[kernel-3]" time="0.000" /><testcase classname="tests.test_upmem_wave_protocol" name="test_reject_invalid_fields[flags-2]" time="0.000" /><testcase classname="tests.test_upmem_wave_protocol" name="test_reject_invalid_fields[operation_index-64]" time="0.000" /><testcase classname="tests.test_upmem_wave_protocol" name="test_reject_invalid_fields[m-0]" time="0.000" /><testcase classname="tests.test_upmem_wave_protocol" name="test_reject_invalid_fields[n-257]" time="0.000" /><testcase classname="tests.test_upmem_wave_protocol" name="test_reject_invalid_fields[k-65537]" time="0.000" /><testcase classname="tests.test_upmem_wave_protocol" name="test_reject_invalid_fields[k_offset-65536]" time="0.000" /><testcase classname="tests.test_upmem_wave_protocol" name="test_reject_invalid_fields[wave_id-18446744073709551616]" time="0.000" /><testcase classname="tests.test_upmem_wave_protocol" name="test_reject_invalid_fields[request_sequence--1]" time="0.000" /><testcase classname="tests.test_upmem_wave_protocol" name="test_reject_invalid_fields[tile_id-True]" time="0.000" /><testcase classname="tests.test_upmem_wave_protocol" name="test_reject_corrupt_plane[span0]" time="0.000" /><testcase classname="tests.test_upmem_wave_protocol" name="test_reject_corrupt_plane[span1]" time="0.000" /><testcase classname="tests.test_upmem_wave_protocol" name="test_reject_corrupt_plane[span2]" time="0.000" /><testcase classname="tests.test_upmem_wave_protocol" name="test_reject_corrupt_plane[span3]" time="0.000" /><testcase classname="tests.test_upmem_wave_protocol" name="test_reject_overlap_and_mutable_descriptors" time="0.000" /><testcase classname="tests.test_upmem_wave_protocol" name="test_idle_descriptor_has_no_operation_or_buffers" time="0.000" /><testcase classname="tests.test_upmem_wave_protocol" name="test_reject_wrong_identity_or_reserved_fields[0-0]" time="0.000" /><testcase classname="tests.test_upmem_wave_protocol" name="test_reject_wrong_identity_or_reserved_fields[1-4]" time="0.000" /><testcase classname="tests.test_upmem_wave_protocol" name="test_reject_wrong_identity_or_reserved_fields[16-1]" time="0.000" /><testcase classname="tests.test_upmem_wave_protocol" name="test_reject_truncated_and_trailing_data" time="0.000" /><testcase classname="tests.test_upmem_wave_protocol" name="test_c_layout_matches_python_control" time="0.032" /><testcase classname="tests.test_upmem_wave_protocol" name="test_native_rejects_corrupt_controls[0-0]" time="0.001" /><testcase classname="tests.test_upmem_wave_protocol" name="test_native_rejects_corrupt_controls[1-4]" time="0.001" /><testcase classname="tests.test_upmem_wave_protocol" name="test_native_rejects_corrupt_controls[2-64]" time="0.001" /><testcase classname="tests.test_upmem_wave_protocol" name="test_native_rejects_corrupt_controls[3-7]" time="0.001" /><testcase classname="tests.test_upmem_wave_protocol" name="test_native_rejects_corrupt_controls[4-2]" time="0.001" /><testcase classname="tests.test_upmem_wave_protocol" name="test_native_rejects_corrupt_controls[5-2]" time="0.001" /><testcase classname="tests.test_upmem_wave_protocol" name="test_native_rejects_corrupt_controls[6-3]" time="0.001" /><testcase classname="tests.test_upmem_wave_protocol" name="test_native_rejects_corrupt_controls[7-64]" time="0.001" /><testcase classname="tests.test_upmem_wave_protocol" name="test_native_rejects_corrupt_controls[12-257]" time="0.001" /><testcase classname="tests.test_upmem_wave_protocol" name="test_native_rejects_corrupt_controls[13-0]" time="0.001" /><testcase classname="tests.test_upmem_wave_protocol" name="test_native_rejects_corrupt_controls[14-65537]" time="0.001" /><testcase classname="tests.test_upmem_wave_protocol" name="test_native_rejects_corrupt_controls[15-65536]" time="0.001" /><testcase classname="tests.test_upmem_wave_protocol" name="test_native_rejects_corrupt_controls[16-1]" time="0.001" /><testcase classname="tests.test_upmem_wave_protocol" name="test_native_rejects_corrupt_controls[17-1]" time="0.001" /><testcase classname="tests.test_upmem_wave_protocol" name="test_native_rejects_corrupt_controls[17-524288]" time="0.001" /><testcase classname="tests.test_upmem_wave_protocol" name="test_native_rejects_corrupt_controls[17-4294967295]" time="0.001" /><testcase classname="tests.test_upmem_wave_protocol" name="test_native_rejects_corrupt_controls[18-4294967295]" time="0.001" /><testcase classname="tests.test_upmem_wave_protocol" name="test_native_rejects_corrupt_controls[19-0]" time="0.001" /><testcase classname="tests.test_upmem_wave_protocol" name="test_native_rejects_corrupt_controls[32-0]" time="0.001" /><testcase classname="tests.test_upmem_wave_protocol" name="test_native_accepts_each_numeric_and_product_mode[0-1]" time="0.001" /><testcase classname="tests.test_upmem_wave_protocol" name="test_native_accepts_each_numeric_and_product_mode[0-2]" time="0.001" /><testcase classname="tests.test_upmem_wave_protocol" name="test_native_accepts_each_numeric_and_product_mode[1-1]" time="0.001" /><testcase classname="tests.test_upmem_wave_protocol" name="test_native_accepts_each_numeric_and_product_mode[1-2]" time="0.001" /><testcase classname="tests.test_upmem_wave_protocol" name="test_explicit_int8_component_bound" time="0.000" /><testcase classname="tests.test_upmem_wave_protocol" name="test_outer_selectors_preserve_layout_and_require_k_one[0-3-1]" time="0.002" /><testcase classname="tests.test_upmem_wave_protocol" name="test_outer_selectors_preserve_layout_and_require_k_one[0-4-2]" time="0.002" /><testcase classname="tests.test_upmem_wave_protocol" name="test_outer_selectors_preserve_layout_and_require_k_one[1-3-1]" time="0.002" /><testcase classname="tests.test_upmem_wave_protocol" name="test_outer_selectors_preserve_layout_and_require_k_one[1-4-2]" time="0.002" /><testcase classname="tests.test_upmem_wave_protocol" name="test_offsets_are_explicit_not_implicitly_contiguous" time="0.001" /><testcase classname="tests.test_upmem_wave_protocol" name="test_native_idle_descriptor" time="0.001" /><testcase classname="tests.test_upmem_wave_result" name="test_fused_real_and_idle_slots_decode_in_dense_order" time="0.000" /><testcase classname="tests.test_upmem_wave_result" name="test_int32_payload_accepts_the_full_signed_domain_without_extra_policy" time="0.000" /><testcase classname="tests.test_upmem_wave_result" name="test_stream_length_must_be_exact[truncated]" time="0.000" /><testcase classname="tests.test_upmem_wave_result" name="test_stream_length_must_be_exact[trailing]" time="0.000" /><testcase classname="tests.test_upmem_wave_result" name="test_idle_slot_completion_is_required" time="0.000" /><testcase classname="tests.test_upmem_wave_result" name="test_reordered_completion_is_rejected_by_control_correlation" time="0.000" /><testcase classname="tests.test_upmem_wave_result" name="test_stale_completion_identity_is_rejected[wave_id]" time="0.000" /><testcase classname="tests.test_upmem_wave_result" name="test_stale_completion_identity_is_rejected[request_sequence]" time="0.000" /><testcase classname="tests.test_upmem_wave_result" name="test_stale_completion_identity_is_rejected[tile_id]" time="0.000" /><testcase classname="tests.test_upmem_wave_result" name="test_pending_and_failed_completions_are_not_results[0]" time="0.000" /><testcase classname="tests.test_upmem_wave_result" name="test_pending_and_failed_completions_are_not_results[2]" time="0.000" /><testcase classname="tests.test_upmem_wave_result" name="test_nonfinite_float_output_is_corruption" time="0.000" /><testcase classname="tests.test_upmem_wave_result" name="test_corrupted_completion_identity_is_rejected" time="0.000" /><testcase classname="tests.test_upmem_wave_result" name="test_wave_shape_is_dense_and_nested" time="0.000" /><testcase classname="tests.test_upmem_wave_runtime" name="test_schedule_is_a_distinct_recomputed_physical_plan" time="0.004" /><testcase classname="tests.test_upmem_wave_runtime" name="test_geometry_policy_is_rejected_before_legacy_allocation[unknown-unsupported geometry]" time="0.002" /><testcase classname="tests.test_upmem_wave_runtime" name="test_geometry_policy_is_rejected_before_legacy_allocation[outer_k1_v1-requires prepared waves]" time="0.002" /><testcase classname="tests.test_upmem_wave_runtime" name="test_full_dag_wave_runtime_preserves_policy_and_dependency_publication[False-split_complex_float32_v1-1-8]" time="0.043" /><testcase classname="tests.test_upmem_wave_runtime" name="test_full_dag_wave_runtime_preserves_policy_and_dependency_publication[False-split_complex_float32_v1-3-8]" time="0.029" /><testcase classname="tests.test_upmem_wave_runtime" name="test_full_dag_wave_runtime_preserves_policy_and_dependency_publication[False-split_complex_float32_v1-4-8]" time="0.030" /><testcase classname="tests.test_upmem_wave_runtime" name="test_full_dag_wave_runtime_preserves_policy_and_dependency_publication[False-split_complex_float32_v1-1-3]" time="0.026" /><testcase classname="tests.test_upmem_wave_runtime" name="test_full_dag_wave_runtime_preserves_policy_and_dependency_publication[False-split_complex_float32_v1-1-7]" time="0.030" /><testcase classname="tests.test_upmem_wave_runtime" name="test_full_dag_wave_runtime_preserves_policy_and_dependency_publication[False-split_complex_float32_v1-1-12]" time="0.034" /><testcase classname="tests.test_upmem_wave_runtime" name="test_full_dag_wave_runtime_preserves_policy_and_dependency_publication[False-split_complex_float32_v1-1-24]" time="0.054" /><testcase classname="tests.test_upmem_wave_runtime" name="test_full_dag_wave_runtime_preserves_policy_and_dependency_publication[False-complex_int8_shared_scale_v1-1-8]" time="0.033" /><testcase classname="tests.test_upmem_wave_runtime" name="test_full_dag_wave_runtime_preserves_policy_and_dependency_publication[False-complex_int8_shared_scale_v1-3-8]" time="0.028" /><testcase classname="tests.test_upmem_wave_runtime" name="test_full_dag_wave_runtime_preserves_policy_and_dependency_publication[False-complex_int8_shared_scale_v1-4-8]" time="0.029" /><testcase classname="tests.test_upmem_wave_runtime" name="test_full_dag_wave_runtime_preserves_policy_and_dependency_publication[False-complex_int8_shared_scale_v1-1-3]" time="0.025" /><testcase classname="tests.test_upmem_wave_runtime" name="test_full_dag_wave_runtime_preserves_policy_and_dependency_publication[False-complex_int8_shared_scale_v1-1-7]" time="0.029" /><testcase classname="tests.test_upmem_wave_runtime" name="test_full_dag_wave_runtime_preserves_policy_and_dependency_publication[False-complex_int8_shared_scale_v1-1-12]" time="0.033" /><testcase classname="tests.test_upmem_wave_runtime" name="test_full_dag_wave_runtime_preserves_policy_and_dependency_publication[False-complex_int8_shared_scale_v1-1-24]" time="0.050" /><testcase classname="tests.test_upmem_wave_runtime" name="test_full_dag_wave_runtime_preserves_policy_and_dependency_publication[True-split_complex_float32_v1-1-8]" time="0.029" /><testcase classname="tests.test_upmem_wave_runtime" name="test_full_dag_wave_runtime_preserves_policy_and_dependency_publication[True-split_complex_float32_v1-3-8]" time="0.022" /><testcase classname="tests.test_upmem_wave_runtime" name="test_full_dag_wave_runtime_preserves_policy_and_dependency_publication[True-split_complex_float32_v1-4-8]" time="0.022" /><testcase classname="tests.test_upmem_wave_runtime" name="test_full_dag_wave_runtime_preserves_policy_and_dependency_publication[True-split_complex_float32_v1-1-3]" time="0.022" /><testcase classname="tests.test_upmem_wave_runtime" name="test_full_dag_wave_runtime_preserves_policy_and_dependency_publication[True-split_complex_float32_v1-1-7]" time="0.024" /><testcase classname="tests.test_upmem_wave_runtime" name="test_full_dag_wave_runtime_preserves_policy_and_dependency_publication[True-split_complex_float32_v1-1-12]" time="0.029" /><testcase classname="tests.test_upmem_wave_runtime" name="test_full_dag_wave_runtime_preserves_policy_and_dependency_publication[True-split_complex_float32_v1-1-24]" time="0.037" /><testcase classname="tests.test_upmem_wave_runtime" name="test_full_dag_wave_runtime_preserves_policy_and_dependency_publication[True-complex_int8_shared_scale_v1-1-8]" time="0.028" /><testcase classname="tests.test_upmem_wave_runtime" name="test_full_dag_wave_runtime_preserves_policy_and_dependency_publication[True-complex_int8_shared_scale_v1-3-8]" time="0.024" /><testcase classname="tests.test_upmem_wave_runtime" name="test_full_dag_wave_runtime_preserves_policy_and_dependency_publication[True-complex_int8_shared_scale_v1-4-8]" time="0.022" /><testcase classname="tests.test_upmem_wave_runtime" name="test_full_dag_wave_runtime_preserves_policy_and_dependency_publication[True-complex_int8_shared_scale_v1-1-3]" time="0.021" /><testcase classname="tests.test_upmem_wave_runtime" name="test_full_dag_wave_runtime_preserves_policy_and_dependency_publication[True-complex_int8_shared_scale_v1-1-7]" time="0.023" /><testcase classname="tests.test_upmem_wave_runtime" name="test_full_dag_wave_runtime_preserves_policy_and_dependency_publication[True-complex_int8_shared_scale_v1-1-12]" time="0.026" /><testcase classname="tests.test_upmem_wave_runtime" name="test_full_dag_wave_runtime_preserves_policy_and_dependency_publication[True-complex_int8_shared_scale_v1-1-24]" time="0.037" /><testcase classname="tests.test_upmem_wave_runtime" name="test_failed_cohort_preserves_context_and_never_submits_consumer" time="0.013" /><testcase classname="tests.test_upmem_wave_runtime" name="test_outer_dispatch_composes_with_dag_and_generic_consumer[1-False-split_complex_float32_v1]" time="0.053" /><testcase classname="tests.test_upmem_wave_runtime" name="test_outer_dispatch_composes_with_dag_and_generic_consumer[1-False-complex_int8_shared_scale_v1]" time="0.051" /><testcase classname="tests.test_upmem_wave_runtime" name="test_outer_dispatch_composes_with_dag_and_generic_consumer[1-True-split_complex_float32_v1]" time="0.040" /><testcase classname="tests.test_upmem_wave_runtime" name="test_outer_dispatch_composes_with_dag_and_generic_consumer[1-True-complex_int8_shared_scale_v1]" time="0.040" /><testcase classname="tests.test_upmem_wave_runtime" name="test_outer_dispatch_composes_with_dag_and_generic_consumer[3-False-split_complex_float32_v1]" time="0.048" /><testcase classname="tests.test_upmem_wave_runtime" name="test_outer_dispatch_composes_with_dag_and_generic_consumer[3-False-complex_int8_shared_scale_v1]" time="0.050" /><testcase classname="tests.test_upmem_wave_runtime" name="test_outer_dispatch_composes_with_dag_and_generic_consumer[3-True-split_complex_float32_v1]" time="0.038" /><testcase classname="tests.test_upmem_wave_runtime" name="test_outer_dispatch_composes_with_dag_and_generic_consumer[3-True-complex_int8_shared_scale_v1]" time="0.038" /><testcase classname="tests.test_upmem_wave_runtime" name="test_outer_dispatch_composes_with_dag_and_generic_consumer[4-False-split_complex_float32_v1]" time="0.053" /><testcase classname="tests.test_upmem_wave_runtime" name="test_outer_dispatch_composes_with_dag_and_generic_consumer[4-False-complex_int8_shared_scale_v1]" time="0.054" /><testcase classname="tests.test_upmem_wave_runtime" name="test_outer_dispatch_composes_with_dag_and_generic_consumer[4-True-split_complex_float32_v1]" time="0.039" /><testcase classname="tests.test_upmem_wave_runtime" name="test_outer_dispatch_composes_with_dag_and_generic_consumer[4-True-complex_int8_shared_scale_v1]" time="0.040" /><testcase classname="tests.test_upmem_wave_runtime" name="test_wave_runtime_preserves_split_k_order_and_serial_control[panel_only_v1-split_complex_float32_v1]" time="0.136" /><testcase classname="tests.test_upmem_wave_runtime" name="test_wave_runtime_preserves_split_k_order_and_serial_control[panel_only_v1-complex_int8_shared_scale_v1]" time="0.071" /><testcase classname="tests.test_upmem_wave_runtime" name="test_wave_runtime_preserves_split_k_order_and_serial_control[outer_k1_v1-split_complex_float32_v1]" time="0.151" /><testcase classname="tests.test_upmem_wave_runtime" name="test_wave_runtime_preserves_split_k_order_and_serial_control[outer_k1_v1-complex_int8_shared_scale_v1]" time="0.068" /><testcase classname="tests.test_upmem_wave_runtime" name="test_sliced_wave_cohorts_finish_before_host_reduction_and_consumer[split_complex_float32_v1]" time="0.023" /><testcase classname="tests.test_upmem_wave_runtime" name="test_sliced_wave_cohorts_finish_before_host_reduction_and_consumer[complex_int8_shared_scale_v1]" time="0.023" /><testcase classname="tests.test_upmem_wave_runtime" name="test_quantum_full_statevector_uses_frozen_path_and_dag_waves[panel_only_v1-bell_2q-params0]" time="0.017" /><testcase classname="tests.test_upmem_wave_runtime" name="test_quantum_full_statevector_uses_frozen_path_and_dag_waves[panel_only_v1-ghz_4q-params1]" time="0.029" /><testcase classname="tests.test_upmem_wave_runtime" name="test_quantum_full_statevector_uses_frozen_path_and_dag_waves[panel_only_v1-quantization_stress-params2]" time="0.112" /><testcase classname="tests.test_upmem_wave_runtime" name="test_quantum_full_statevector_uses_frozen_path_and_dag_waves[outer_k1_v1-bell_2q-params0]" time="0.017" /><testcase classname="tests.test_upmem_wave_runtime" name="test_quantum_full_statevector_uses_frozen_path_and_dag_waves[outer_k1_v1-ghz_4q-params1]" time="0.029" /><testcase classname="tests.test_upmem_wave_runtime" name="test_quantum_full_statevector_uses_frozen_path_and_dag_waves[outer_k1_v1-quantization_stress-params2]" time="0.118" /><testcase classname="tests.test_upmem_wave_work" name="test_outer_dispatch_changes_only_selector_for_existing_k1_work[False-0]" time="0.001" /><testcase classname="tests.test_upmem_wave_work" name="test_outer_dispatch_changes_only_selector_for_existing_k1_work[False-1]" time="0.001" /><testcase classname="tests.test_upmem_wave_work" name="test_outer_dispatch_changes_only_selector_for_existing_k1_work[True-0]" time="0.001" /><testcase classname="tests.test_upmem_wave_work" name="test_outer_dispatch_changes_only_selector_for_existing_k1_work[True-1]" time="0.001" /><testcase classname="tests.test_upmem_wave_work" name="test_mixed_fusion_and_nonfit_preserves_geometry_and_codec[0]" time="0.025" /><testcase classname="tests.test_upmem_wave_work" name="test_mixed_fusion_and_nonfit_preserves_geometry_and_codec[1]" time="0.002" /><testcase classname="tests.test_upmem_wave_work" name="test_fused_tail_has_aligned_zero_padding_and_idle_slots[0]" time="0.001" /><testcase classname="tests.test_upmem_wave_work" name="test_fused_tail_has_aligned_zero_padding_and_idle_slots[1]" time="0.001" /><testcase classname="tests.test_upmem_wave_work" name="test_real_panel_generic_lane_ordering_is_explicit" time="0.000" /><testcase classname="tests.test_upmem_wave_work" name="test_rejects_coverage_estimate_and_geometry_corruption" time="0.001" /><testcase classname="tests.test_upmem_wave_work" name="test_rejects_dense_wave_gaps_duplicate_slots_and_nonzero_rank" time="0.001" /><testcase classname="tests.test_upmem_wave_work" name="test_freezes_dpu_ownership_across_mixed_node_waves" time="0.001" /><testcase classname="tests.test_upmem_wave_work" name="test_rejects_operand_shape_dtype_and_lowering_policy_mismatch" time="0.001" /><testcase classname="tests.test_wave_path_pipeline" name="test_real_wave_candidate_generation_to_cpu_and_execution_packet" time="2.018" /><testcase classname="tests.test_wave_path_pipeline" name="test_tiny_bell_is_rejected_for_planned_execution_coverage" time="0.042" /></testsuite></testsuites>